2013-10-25 02:56:14,496 INFO  - OpenSim.Framework.Servers.ServerBase [SERVER BASE]: Logging started to file /root/ke/opensim/opensim75/bin/Robust.log
2013-10-25 02:56:14,537 INFO  - OpenSim.Framework.Servers.HttpServer.BaseHttpServer [BASE HTTP SERVER]: Starting HTTP server on port 8003
2013-10-25 02:56:14,571 DEBUG - OpenSim.Framework.Monitoring.Watchdog [WATCHDOG]: Started tracking thread PollServiceWorkerThread0, ID 5
2013-10-25 02:56:14,574 DEBUG - OpenSim.Framework.Monitoring.Watchdog [WATCHDOG]: Started tracking thread PollServiceWorkerThread1, ID 6
2013-10-25 02:56:14,580 DEBUG - OpenSim.Framework.Monitoring.Watchdog [WATCHDOG]: Started tracking thread PollServiceWorkerThread2, ID 7
2013-10-25 02:56:14,582 DEBUG - OpenSim.Framework.Monitoring.Watchdog [WATCHDOG]: Started tracking thread PollServiceWatcherThread, ID 8
2013-10-25 02:56:14,592 INFO  - OpenSim.Server.OpenSimServer [SERVER]: Loading AssetServiceConnector on port 8003
2013-10-25 02:56:14,866 INFO  - OpenSim.Data.Migration [MIGRATIONS]: Creating migrations at version 1
2013-10-25 02:56:14,892 INFO  - OpenSim.Data.Migration [MIGRATIONS]: Upgrading AssetStore to latest revision 8.
2013-10-25 02:56:14,897 INFO  - OpenSim.Data.Migration [MIGRATIONS]: NOTE - this may take a while, don't interrupt this process!
2013-10-25 02:56:14,920 INFO  - OpenSim.Data.Migration [MIGRATIONS]: Creating AssetStore at version 1
2013-10-25 02:56:14,998 INFO  - OpenSim.Data.Migration [MIGRATIONS]: Updating AssetStore to version 2
2013-10-25 02:56:15,105 INFO  - OpenSim.Data.Migration [MIGRATIONS]: Updating AssetStore to version 3
2013-10-25 02:56:15,124 INFO  - OpenSim.Data.Migration [MIGRATIONS]: Updating AssetStore to version 4
2013-10-25 02:56:15,160 INFO  - OpenSim.Data.Migration [MIGRATIONS]: Updating AssetStore to version 5
2013-10-25 02:56:15,164 INFO  - OpenSim.Data.Migration [MIGRATIONS]: Updating AssetStore to version 6
2013-10-25 02:56:15,185 INFO  - OpenSim.Data.Migration [MIGRATIONS]: Updating AssetStore to version 7
2013-10-25 02:56:15,229 INFO  - OpenSim.Data.Migration [MIGRATIONS]: Updating AssetStore to version 8
2013-10-25 02:56:15,238 DEBUG - OpenSim.Services.AssetService.AssetService [ASSET SERVICE]: Loading default asset set from ./assets/AssetSets.xml
2013-10-25 02:56:20,073 DEBUG - OpenSim.Services.AssetService.AssetService [ASSET SERVICE]: Local asset service enabled
2013-10-25 02:56:20,075 INFO  - OpenSim.Server.OpenSimServer [SERVER]: AssetServiceConnector loaded successfully
2013-10-25 02:56:20,075 INFO  - OpenSim.Server.OpenSimServer [SERVER]: Loading XInventoryInConnector on port 8003
2013-10-25 02:56:20,076 DEBUG - OpenSim.Server.Handlers.Asset.XInventoryInConnector [XInventoryInConnector]: Starting with config name InventoryService
2013-10-25 02:56:20,082 INFO  - OpenSim.Data.Migration [MIGRATIONS]: Upgrading InventoryStore to latest revision 6.
2013-10-25 02:56:20,082 INFO  - OpenSim.Data.Migration [MIGRATIONS]: NOTE - this may take a while, don't interrupt this process!
2013-10-25 02:56:20,113 INFO  - OpenSim.Data.Migration [MIGRATIONS]: Creating InventoryStore at version 1
2013-10-25 02:56:20,537 INFO  - OpenSim.Data.Migration [MIGRATIONS]: Updating InventoryStore to version 2
2013-10-25 02:56:20,556 INFO  - OpenSim.Data.Migration [MIGRATIONS]: Updating InventoryStore to version 3
2013-10-25 02:56:20,573 INFO  - OpenSim.Data.Migration [MIGRATIONS]: Updating InventoryStore to version 4
2013-10-25 02:56:20,602 INFO  - OpenSim.Data.Migration [MIGRATIONS]: Updating InventoryStore to version 5
2013-10-25 02:56:20,621 INFO  - OpenSim.Data.Migration [MIGRATIONS]: Updating InventoryStore to version 6
2013-10-25 02:56:20,624 INFO  - OpenSim.Server.OpenSimServer [SERVER]: XInventoryInConnector loaded successfully
2013-10-25 02:56:20,626 INFO  - OpenSim.Framework.Servers.HttpServer.BaseHttpServer [BASE HTTP SERVER]: Starting HTTP server on port 8004
2013-10-25 02:56:20,626 DEBUG - OpenSim.Framework.Monitoring.Watchdog [WATCHDOG]: Started tracking thread PollServiceWorkerThread0, ID 10
2013-10-25 02:56:20,627 DEBUG - OpenSim.Framework.Monitoring.Watchdog [WATCHDOG]: Started tracking thread PollServiceWorkerThread1, ID 11
2013-10-25 02:56:20,628 DEBUG - OpenSim.Framework.Monitoring.Watchdog [WATCHDOG]: Started tracking thread PollServiceWorkerThread2, ID 12
2013-10-25 02:56:20,629 DEBUG - OpenSim.Framework.Monitoring.Watchdog [WATCHDOG]: Started tracking thread PollServiceWatcherThread, ID 13
2013-10-25 02:56:20,630 INFO  - OpenSim.Server.OpenSimServer [SERVER]: Loading FreeswitchServerConnector on port 8004
2013-10-25 02:56:20,643 ERROR - OpenSim.Services.FreeswitchService.FreeswitchServiceBase [FREESWITCH]: No ServerAddress given, cannot start service.
2013-10-25 02:56:20,645 INFO  - OpenSim.Server.OpenSimServer [SERVER]: FreeswitchServerConnector loaded successfully
2013-10-25 02:56:20,645 INFO  - OpenSim.Server.OpenSimServer [SERVER]: Loading GridServiceConnector on port 8003
2013-10-25 02:56:20,654 INFO  - OpenSim.Data.Migration [MIGRATIONS]: Upgrading GridStore to latest revision 9.
2013-10-25 02:56:20,654 INFO  - OpenSim.Data.Migration [MIGRATIONS]: NOTE - this may take a while, don't interrupt this process!
2013-10-25 02:56:20,677 INFO  - OpenSim.Data.Migration [MIGRATIONS]: Creating GridStore at version 1
2013-10-25 02:56:20,704 INFO  - OpenSim.Data.Migration [MIGRATIONS]: Updating GridStore to version 2
2013-10-25 02:56:20,759 INFO  - OpenSim.Data.Migration [MIGRATIONS]: Updating GridStore to version 3
2013-10-25 02:56:20,783 INFO  - OpenSim.Data.Migration [MIGRATIONS]: Updating GridStore to version 4
2013-10-25 02:56:20,827 INFO  - OpenSim.Data.Migration [MIGRATIONS]: Updating GridStore to version 5
2013-10-25 02:56:20,845 INFO  - OpenSim.Data.Migration [MIGRATIONS]: Updating GridStore to version 6
2013-10-25 02:56:20,908 INFO  - OpenSim.Data.Migration [MIGRATIONS]: Updating GridStore to version 7
2013-10-25 02:56:20,923 INFO  - OpenSim.Data.Migration [MIGRATIONS]: Updating GridStore to version 8
2013-10-25 02:56:20,943 INFO  - OpenSim.Data.Migration [MIGRATIONS]: Updating GridStore to version 9
2013-10-25 02:56:20,947 DEBUG - OpenSim.Services.GridService.GridService [GRID SERVICE]: Starting...
2013-10-25 02:56:20,952 INFO  - OpenSim.Server.OpenSimServer [SERVER]: GridServiceConnector loaded successfully
2013-10-25 02:56:20,953 INFO  - OpenSim.Framework.Servers.HttpServer.BaseHttpServer [BASE HTTP SERVER]: Starting HTTP server on port 8002
2013-10-25 02:56:20,954 DEBUG - OpenSim.Framework.Monitoring.Watchdog [WATCHDOG]: Started tracking thread PollServiceWorkerThread0, ID 14
2013-10-25 02:56:20,955 DEBUG - OpenSim.Framework.Monitoring.Watchdog [WATCHDOG]: Started tracking thread PollServiceWorkerThread1, ID 15
2013-10-25 02:56:20,956 DEBUG - OpenSim.Framework.Monitoring.Watchdog [WATCHDOG]: Started tracking thread PollServiceWorkerThread2, ID 16
2013-10-25 02:56:20,957 DEBUG - OpenSim.Framework.Monitoring.Watchdog [WATCHDOG]: Started tracking thread PollServiceWatcherThread, ID 17
2013-10-25 02:56:20,957 INFO  - OpenSim.Server.OpenSimServer [SERVER]: Loading GridInfoServerInConnector on port 8002
2013-10-25 02:56:20,959 DEBUG - OpenSim.Server.Handlers.Grid.GridInfoHandlers [GRID INFO SERVICE]: Grid info service initialized with 4 keys
2013-10-25 02:56:20,961 INFO  - OpenSim.Server.OpenSimServer [SERVER]: GridInfoServerInConnector loaded successfully
2013-10-25 02:56:20,961 INFO  - OpenSim.Server.OpenSimServer [SERVER]: Loading AuthenticationServiceConnector on port 8003
2013-10-25 02:56:20,966 INFO  - OpenSim.Data.Migration [MIGRATIONS]: Upgrading AuthStore to latest revision 3.
2013-10-25 02:56:20,966 INFO  - OpenSim.Data.Migration [MIGRATIONS]: NOTE - this may take a while, don't interrupt this process!
2013-10-25 02:56:20,985 INFO  - OpenSim.Data.Migration [MIGRATIONS]: Creating AuthStore at version 1
2013-10-25 02:56:20,988 DEBUG - OpenSim.Data.Migration [MIGRATIONS]: Cmd was Table 'opensim.users' doesn't exist in SQL: BEGIN; INSERT INTO auth (UUID, passwordHash, passwordSalt, webLoginKey) SELECT `UUID` AS UUID, `passwordHash` AS passwordHash, `passwordSalt` AS passwordSalt, `webLoginKey` AS webLoginKey FROM users; COMMIT; 
2013-10-25 02:56:20,989 DEBUG - OpenSim.Data.Migration [MIGRATIONS]: An error has occurred in the migration.  If you're running OpenSim for the first time then you can probably safely ignore this, since certain migration commands attempt to fetch data out of old tables.  However, if you're using an existing database and you see database related errors while running OpenSim then you will need to fix these problems manually. Continuing.
2013-10-25 02:56:20,989 INFO  - OpenSim.Data.Migration [MIGRATIONS]: Updating AuthStore to version 2
2013-10-25 02:56:21,002 INFO  - OpenSim.Data.Migration [MIGRATIONS]: Updating AuthStore to version 3
2013-10-25 02:56:21,012 INFO  - OpenSim.Server.OpenSimServer [SERVER]: AuthenticationServiceConnector loaded successfully
2013-10-25 02:56:21,013 INFO  - OpenSim.Server.OpenSimServer [SERVER]: Loading OpenIdServerConnector on port 8002
2013-10-25 02:56:21,015 DEBUG - OpenSim.Data.Migration [MIGRATIONS]: AuthStore data tables already up to date at revision 3
2013-10-25 02:56:21,022 INFO  - OpenSim.Data.Migration [MIGRATIONS]: Upgrading UserAccount to latest revision 4.
2013-10-25 02:56:21,023 INFO  - OpenSim.Data.Migration [MIGRATIONS]: NOTE - this may take a while, don't interrupt this process!
2013-10-25 02:56:21,029 INFO  - OpenSim.Data.Migration [MIGRATIONS]: Creating UserAccount at version 1
2013-10-25 02:56:21,032 DEBUG - OpenSim.Data.Migration [MIGRATIONS]: Cmd was Table 'opensim.users' doesn't exist in SQL: BEGIN; INSERT INTO UserAccounts (PrincipalID, ScopeID, FirstName, LastName, Email, ServiceURLs, Created) SELECT `UUID` AS PrincipalID, '00000000-0000-0000-0000-000000000000' AS ScopeID, username AS FirstName, lastname AS LastName, email as Email, CONCAT('AssetServerURI=', userAssetURI, ' InventoryServerURI=', userInventoryURI, ' GatewayURI= HomeURI=') AS ServiceURLs, created as Created FROM users; COMMIT; 
2013-10-25 02:56:21,032 DEBUG - OpenSim.Data.Migration [MIGRATIONS]: An error has occurred in the migration.  If you're running OpenSim for the first time then you can probably safely ignore this, since certain migration commands attempt to fetch data out of old tables.  However, if you're using an existing database and you see database related errors while running OpenSim then you will need to fix these problems manually. Continuing.
2013-10-25 02:56:21,037 INFO  - OpenSim.Data.Migration [MIGRATIONS]: Updating UserAccount to version 2
2013-10-25 02:56:21,167 INFO  - OpenSim.Data.Migration [MIGRATIONS]: Updating UserAccount to version 3
2013-10-25 02:56:21,209 INFO  - OpenSim.Data.Migration [MIGRATIONS]: Updating UserAccount to version 4
2013-10-25 02:56:21,213 DEBUG - OpenSim.Data.Migration [MIGRATIONS]: GridStore data tables already up to date at revision 9
2013-10-25 02:56:21,213 DEBUG - OpenSim.Services.GridService.GridService [GRID SERVICE]: Starting...
2013-10-25 02:56:21,215 DEBUG - OpenSim.Data.Migration [MIGRATIONS]: AuthStore data tables already up to date at revision 3
2013-10-25 02:56:21,217 DEBUG - OpenSim.Data.Migration [MIGRATIONS]: InventoryStore data tables already up to date at revision 6
2013-10-25 02:56:21,221 INFO  - OpenSim.Data.Migration [MIGRATIONS]: Upgrading Avatar to latest revision 2.
2013-10-25 02:56:21,221 INFO  - OpenSim.Data.Migration [MIGRATIONS]: NOTE - this may take a while, don't interrupt this process!
2013-10-25 02:56:21,232 INFO  - OpenSim.Data.Migration [MIGRATIONS]: Creating Avatar at version 1
2013-10-25 02:56:21,245 INFO  - OpenSim.Data.Migration [MIGRATIONS]: Updating Avatar to version 2
2013-10-25 02:56:21,248 DEBUG - OpenSim.Services.AvatarService.AvatarService [AVATAR SERVICE]: Starting avatar service
2013-10-25 02:56:21,250 INFO  - OpenSim.Server.Handlers.Authentication.OpenIdServerConnector [OPENID]: OpenId service enabled
2013-10-25 02:56:21,250 INFO  - OpenSim.Server.OpenSimServer [SERVER]: OpenIdServerConnector loaded successfully
2013-10-25 02:56:21,250 INFO  - OpenSim.Server.OpenSimServer [SERVER]: Loading AvatarServiceConnector on port 8003
2013-10-25 02:56:21,254 DEBUG - OpenSim.Data.Migration [MIGRATIONS]: Avatar data tables already up to date at revision 2
2013-10-25 02:56:21,255 DEBUG - OpenSim.Services.AvatarService.AvatarService [AVATAR SERVICE]: Starting avatar service
2013-10-25 02:56:21,261 INFO  - OpenSim.Server.OpenSimServer [SERVER]: AvatarServiceConnector loaded successfully
2013-10-25 02:56:21,261 INFO  - OpenSim.Server.OpenSimServer [SERVER]: Loading LLLoginServiceInConnector on port 8002
2013-10-25 02:56:21,271 DEBUG - OpenSim.Data.Migration [MIGRATIONS]: UserAccount data tables already up to date at revision 4
2013-10-25 02:56:21,273 DEBUG - OpenSim.Data.Migration [MIGRATIONS]: GridStore data tables already up to date at revision 9
2013-10-25 02:56:21,273 DEBUG - OpenSim.Services.GridService.GridService [GRID SERVICE]: Starting...
2013-10-25 02:56:21,275 DEBUG - OpenSim.Data.Migration [MIGRATIONS]: AuthStore data tables already up to date at revision 3
2013-10-25 02:56:21,277 DEBUG - OpenSim.Data.Migration [MIGRATIONS]: InventoryStore data tables already up to date at revision 6
2013-10-25 02:56:21,278 DEBUG - OpenSim.Data.Migration [MIGRATIONS]: Avatar data tables already up to date at revision 2
2013-10-25 02:56:21,279 DEBUG - OpenSim.Services.AvatarService.AvatarService [AVATAR SERVICE]: Starting avatar service
2013-10-25 02:56:21,282 INFO  - OpenSim.Data.Migration [MIGRATIONS]: Upgrading GridUserStore to latest revision 2.
2013-10-25 02:56:21,282 INFO  - OpenSim.Data.Migration [MIGRATIONS]: NOTE - this may take a while, don't interrupt this process!
2013-10-25 02:56:21,294 INFO  - OpenSim.Data.Migration [MIGRATIONS]: Creating GridUserStore at version 1
2013-10-25 02:56:21,299 INFO  - OpenSim.Data.Migration [MIGRATIONS]: Updating GridUserStore to version 2
2013-10-25 02:56:21,303 DEBUG - OpenSim.Services.UserAccountService.GridUserService [USER GRID SERVICE]: Starting user grid service
2013-10-25 02:56:21,305 DEBUG - OpenSim.Data.Migration [MIGRATIONS]: AuthStore data tables already up to date at revision 3
2013-10-25 02:56:21,307 DEBUG - OpenSim.Data.Migration [MIGRATIONS]: InventoryStore data tables already up to date at revision 6
2013-10-25 02:56:21,310 DEBUG - OpenSim.Data.Migration [MIGRATIONS]: GridStore data tables already up to date at revision 9
2013-10-25 02:56:21,310 DEBUG - OpenSim.Services.GridService.GridService [GRID SERVICE]: Starting...
2013-10-25 02:56:21,313 INFO  - OpenSim.Data.Migration [MIGRATIONS]: Upgrading Presence to latest revision 2.
2013-10-25 02:56:21,314 INFO  - OpenSim.Data.Migration [MIGRATIONS]: NOTE - this may take a while, don't interrupt this process!
2013-10-25 02:56:21,372 INFO  - OpenSim.Data.Migration [MIGRATIONS]: Creating Presence at version 1
2013-10-25 02:56:21,381 INFO  - OpenSim.Data.Migration [MIGRATIONS]: Updating Presence to version 2
2013-10-25 02:56:21,384 DEBUG - OpenSim.Services.PresenceService.PresenceService [PRESENCE SERVICE]: Starting presence service
2013-10-25 02:56:21,386 DEBUG - OpenSim.Data.Migration [MIGRATIONS]: Avatar data tables already up to date at revision 2
2013-10-25 02:56:21,386 DEBUG - OpenSim.Services.AvatarService.AvatarService [AVATAR SERVICE]: Starting avatar service
2013-10-25 02:56:21,389 INFO  - OpenSim.Data.Migration [MIGRATIONS]: Upgrading FriendsStore to latest revision 3.
2013-10-25 02:56:21,389 INFO  - OpenSim.Data.Migration [MIGRATIONS]: NOTE - this may take a while, don't interrupt this process!
2013-10-25 02:56:21,397 INFO  - OpenSim.Data.Migration [MIGRATIONS]: Creating FriendsStore at version 1
2013-10-25 02:56:21,410 DEBUG - OpenSim.Data.Migration [MIGRATIONS]: Cmd was Table 'opensim.userfriends' doesn't exist in SQL: BEGIN; INSERT INTO `Friends` SELECT `ownerID`, `friendID`, `friendPerms`, 0 FROM `userfriends`; COMMIT; 
2013-10-25 02:56:21,410 DEBUG - OpenSim.Data.Migration [MIGRATIONS]: An error has occurred in the migration.  If you're running OpenSim for the first time then you can probably safely ignore this, since certain migration commands attempt to fetch data out of old tables.  However, if you're using an existing database and you see database related errors while running OpenSim then you will need to fix these problems manually. Continuing.
2013-10-25 02:56:21,410 INFO  - OpenSim.Data.Migration [MIGRATIONS]: Updating FriendsStore to version 2
2013-10-25 02:56:21,512 INFO  - OpenSim.Data.Migration [MIGRATIONS]: Updating FriendsStore to version 3
2013-10-25 02:56:21,517 DEBUG - OpenSim.Services.LLLoginService.LLLoginService [LLOGIN SERVICE]: Using instantiated LibraryService
2013-10-25 02:56:21,519 DEBUG - OpenSim.Services.InventoryService.LibraryService [LIBRARY]: Starting library service...
2013-10-25 02:56:21,521 INFO  - OpenSim.Services.InventoryService.LibraryService [LIBRARY INVENTORY]: Loading library control file ./inventory/Libraries.xml
2013-10-25 02:56:21,559 DEBUG - OpenSim.Services.LLLoginService.LLLoginService [LLOGIN SERVICE]: Starting...
2013-10-25 02:56:21,560 INFO  - OpenSim.Server.OpenSimServer [SERVER]: LLLoginServiceInConnector loaded successfully
2013-10-25 02:56:21,560 INFO  - OpenSim.Server.OpenSimServer [SERVER]: Loading PresenceServiceConnector on port 8003
2013-10-25 02:56:21,562 DEBUG - OpenSim.Data.Migration [MIGRATIONS]: Presence data tables already up to date at revision 2
2013-10-25 02:56:21,563 DEBUG - OpenSim.Services.PresenceService.PresenceService [PRESENCE SERVICE]: Starting presence service
2013-10-25 02:56:21,564 INFO  - OpenSim.Server.OpenSimServer [SERVER]: PresenceServiceConnector loaded successfully
2013-10-25 02:56:21,564 INFO  - OpenSim.Server.OpenSimServer [SERVER]: Loading UserAccountServiceConnector on port 8003
2013-10-25 02:56:21,566 DEBUG - OpenSim.Data.Migration [MIGRATIONS]: UserAccount data tables already up to date at revision 4
2013-10-25 02:56:21,568 DEBUG - OpenSim.Data.Migration [MIGRATIONS]: GridStore data tables already up to date at revision 9
2013-10-25 02:56:21,569 DEBUG - OpenSim.Services.GridService.GridService [GRID SERVICE]: Starting...
2013-10-25 02:56:21,579 DEBUG - OpenSim.Data.Migration [MIGRATIONS]: AuthStore data tables already up to date at revision 3
2013-10-25 02:56:21,581 DEBUG - OpenSim.Data.Migration [MIGRATIONS]: InventoryStore data tables already up to date at revision 6
2013-10-25 02:56:21,583 DEBUG - OpenSim.Data.Migration [MIGRATIONS]: Avatar data tables already up to date at revision 2
2013-10-25 02:56:21,583 DEBUG - OpenSim.Services.AvatarService.AvatarService [AVATAR SERVICE]: Starting avatar service
2013-10-25 02:56:21,584 INFO  - OpenSim.Server.OpenSimServer [SERVER]: UserAccountServiceConnector loaded successfully
2013-10-25 02:56:21,585 INFO  - OpenSim.Server.OpenSimServer [SERVER]: Loading GridUserServiceConnector on port 8003
2013-10-25 02:56:21,587 DEBUG - OpenSim.Data.Migration [MIGRATIONS]: GridUserStore data tables already up to date at revision 2
2013-10-25 02:56:21,587 DEBUG - OpenSim.Services.UserAccountService.GridUserService [USER GRID SERVICE]: Starting user grid service
2013-10-25 02:56:21,588 INFO  - OpenSim.Server.OpenSimServer [SERVER]: GridUserServiceConnector loaded successfully
2013-10-25 02:56:21,588 INFO  - OpenSim.Server.OpenSimServer [SERVER]: Loading FriendsServiceConnector on port 8003
2013-10-25 02:56:21,590 DEBUG - OpenSim.Data.Migration [MIGRATIONS]: FriendsStore data tables already up to date at revision 3
2013-10-25 02:56:21,591 INFO  - OpenSim.Server.OpenSimServer [SERVER]: FriendsServiceConnector loaded successfully
2013-10-25 02:56:21,592 INFO  - OpenSim.Server.OpenSimServer [SERVER]: Loading MapAddServiceConnector on port 8003
2013-10-25 02:56:21,597 DEBUG - OpenSim.Services.MapImageService.MapImageService [MAP IMAGE SERVICE]: Starting MapImage service
2013-10-25 02:56:21,598 INFO  - OpenSim.Server.Handlers.MapImage.MapAddServiceConnector [MAP IMAGE HANDLER]: GridService check is OFF
2013-10-25 02:56:21,598 INFO  - OpenSim.Server.OpenSimServer [SERVER]: MapAddServiceConnector loaded successfully
2013-10-25 02:56:21,599 INFO  - OpenSim.Server.OpenSimServer [SERVER]: Loading MapGetServiceConnector on port 8002
2013-10-25 02:56:21,606 INFO  - OpenSim.Server.OpenSimServer [SERVER]: MapGetServiceConnector loaded successfully
2013-10-25 03:09:49,564 INFO  - OpenSim.Server.Base.ServicesServerBase [CONSOLE] Quitting
2013-10-25 03:09:52,387 INFO  - OpenSim.Framework.Servers.ServerBase [SERVER BASE]: Logging started to file /root/ke/opensim/opensim75/bin/Robust.log
2013-10-25 03:09:52,433 INFO  - OpenSim.Framework.Servers.HttpServer.BaseHttpServer [BASE HTTP SERVER]: Starting HTTP server on port 8003
2013-10-25 03:09:52,469 DEBUG - OpenSim.Framework.Monitoring.Watchdog [WATCHDOG]: Started tracking thread PollServiceWorkerThread0, ID 5
2013-10-25 03:09:52,471 DEBUG - OpenSim.Framework.Monitoring.Watchdog [WATCHDOG]: Started tracking thread PollServiceWorkerThread1, ID 6
2013-10-25 03:09:52,482 DEBUG - OpenSim.Framework.Monitoring.Watchdog [WATCHDOG]: Started tracking thread PollServiceWorkerThread2, ID 7
2013-10-25 03:09:52,489 DEBUG - OpenSim.Framework.Monitoring.Watchdog [WATCHDOG]: Started tracking thread PollServiceWatcherThread, ID 8
2013-10-25 03:09:52,492 INFO  - OpenSim.Server.OpenSimServer [SERVER]: Loading AssetServiceConnector on port 8003
2013-10-25 03:09:52,681 DEBUG - OpenSim.Data.Migration [MIGRATIONS]: AssetStore data tables already up to date at revision 8
2013-10-25 03:09:52,687 DEBUG - OpenSim.Services.AssetService.AssetService [ASSET SERVICE]: Loading default asset set from ./assets/AssetSets.xml
2013-10-25 03:09:53,708 DEBUG - OpenSim.Services.AssetService.AssetService [ASSET SERVICE]: Local asset service enabled
2013-10-25 03:09:53,711 INFO  - OpenSim.Server.OpenSimServer [SERVER]: AssetServiceConnector loaded successfully
2013-10-25 03:09:53,711 INFO  - OpenSim.Server.OpenSimServer [SERVER]: Loading XInventoryInConnector on port 8003
2013-10-25 03:09:53,713 DEBUG - OpenSim.Server.Handlers.Asset.XInventoryInConnector [XInventoryInConnector]: Starting with config name InventoryService
2013-10-25 03:09:53,718 DEBUG - OpenSim.Data.Migration [MIGRATIONS]: InventoryStore data tables already up to date at revision 6
2013-10-25 03:09:53,719 INFO  - OpenSim.Server.OpenSimServer [SERVER]: XInventoryInConnector loaded successfully
2013-10-25 03:09:53,722 INFO  - OpenSim.Framework.Servers.HttpServer.BaseHttpServer [BASE HTTP SERVER]: Starting HTTP server on port 8004
2013-10-25 03:09:53,722 DEBUG - OpenSim.Framework.Monitoring.Watchdog [WATCHDOG]: Started tracking thread PollServiceWorkerThread0, ID 10
2013-10-25 03:09:53,723 DEBUG - OpenSim.Framework.Monitoring.Watchdog [WATCHDOG]: Started tracking thread PollServiceWorkerThread1, ID 11
2013-10-25 03:09:53,724 DEBUG - OpenSim.Framework.Monitoring.Watchdog [WATCHDOG]: Started tracking thread PollServiceWorkerThread2, ID 12
2013-10-25 03:09:53,724 DEBUG - OpenSim.Framework.Monitoring.Watchdog [WATCHDOG]: Started tracking thread PollServiceWatcherThread, ID 13
2013-10-25 03:09:53,725 INFO  - OpenSim.Server.OpenSimServer [SERVER]: Loading FreeswitchServerConnector on port 8004
2013-10-25 03:09:53,728 ERROR - OpenSim.Services.FreeswitchService.FreeswitchServiceBase [FREESWITCH]: No ServerAddress given, cannot start service.
2013-10-25 03:09:53,729 INFO  - OpenSim.Server.OpenSimServer [SERVER]: FreeswitchServerConnector loaded successfully
2013-10-25 03:09:53,730 INFO  - OpenSim.Server.OpenSimServer [SERVER]: Loading GridServiceConnector on port 8003
2013-10-25 03:09:53,735 DEBUG - OpenSim.Data.Migration [MIGRATIONS]: GridStore data tables already up to date at revision 9
2013-10-25 03:09:53,742 DEBUG - OpenSim.Services.GridService.GridService [GRID SERVICE]: Starting...
2013-10-25 03:09:53,748 INFO  - OpenSim.Server.OpenSimServer [SERVER]: GridServiceConnector loaded successfully
2013-10-25 03:09:53,754 INFO  - OpenSim.Framework.Servers.HttpServer.BaseHttpServer [BASE HTTP SERVER]: Starting HTTP server on port 8002
2013-10-25 03:09:53,755 DEBUG - OpenSim.Framework.Monitoring.Watchdog [WATCHDOG]: Started tracking thread PollServiceWorkerThread0, ID 14
2013-10-25 03:09:53,756 DEBUG - OpenSim.Framework.Monitoring.Watchdog [WATCHDOG]: Started tracking thread PollServiceWorkerThread1, ID 15
2013-10-25 03:09:53,756 DEBUG - OpenSim.Framework.Monitoring.Watchdog [WATCHDOG]: Started tracking thread PollServiceWorkerThread2, ID 16
2013-10-25 03:09:53,758 DEBUG - OpenSim.Framework.Monitoring.Watchdog [WATCHDOG]: Started tracking thread PollServiceWatcherThread, ID 17
2013-10-25 03:09:53,758 INFO  - OpenSim.Server.OpenSimServer [SERVER]: Loading GridInfoServerInConnector on port 8002
2013-10-25 03:09:53,760 DEBUG - OpenSim.Server.Handlers.Grid.GridInfoHandlers [GRID INFO SERVICE]: Grid info service initialized with 4 keys
2013-10-25 03:09:53,762 INFO  - OpenSim.Server.OpenSimServer [SERVER]: GridInfoServerInConnector loaded successfully
2013-10-25 03:09:53,763 INFO  - OpenSim.Server.OpenSimServer [SERVER]: Loading AuthenticationServiceConnector on port 8003
2013-10-25 03:09:53,767 DEBUG - OpenSim.Data.Migration [MIGRATIONS]: AuthStore data tables already up to date at revision 3
2013-10-25 03:09:53,767 INFO  - OpenSim.Server.OpenSimServer [SERVER]: AuthenticationServiceConnector loaded successfully
2013-10-25 03:09:53,768 INFO  - OpenSim.Server.OpenSimServer [SERVER]: Loading OpenIdServerConnector on port 8002
2013-10-25 03:09:53,770 DEBUG - OpenSim.Data.Migration [MIGRATIONS]: AuthStore data tables already up to date at revision 3
2013-10-25 03:09:53,785 DEBUG - OpenSim.Data.Migration [MIGRATIONS]: UserAccount data tables already up to date at revision 4
2013-10-25 03:09:53,787 DEBUG - OpenSim.Data.Migration [MIGRATIONS]: GridStore data tables already up to date at revision 9
2013-10-25 03:09:53,788 DEBUG - OpenSim.Services.GridService.GridService [GRID SERVICE]: Starting...
2013-10-25 03:09:53,789 DEBUG - OpenSim.Data.Migration [MIGRATIONS]: AuthStore data tables already up to date at revision 3
2013-10-25 03:09:53,792 DEBUG - OpenSim.Data.Migration [MIGRATIONS]: InventoryStore data tables already up to date at revision 6
2013-10-25 03:09:53,795 DEBUG - OpenSim.Data.Migration [MIGRATIONS]: Avatar data tables already up to date at revision 2
2013-10-25 03:09:53,795 DEBUG - OpenSim.Services.AvatarService.AvatarService [AVATAR SERVICE]: Starting avatar service
2013-10-25 03:09:53,797 INFO  - OpenSim.Server.Handlers.Authentication.OpenIdServerConnector [OPENID]: OpenId service enabled
2013-10-25 03:09:53,797 INFO  - OpenSim.Server.OpenSimServer [SERVER]: OpenIdServerConnector loaded successfully
2013-10-25 03:09:53,798 INFO  - OpenSim.Server.OpenSimServer [SERVER]: Loading AvatarServiceConnector on port 8003
2013-10-25 03:09:53,802 DEBUG - OpenSim.Data.Migration [MIGRATIONS]: Avatar data tables already up to date at revision 2
2013-10-25 03:09:53,809 DEBUG - OpenSim.Services.AvatarService.AvatarService [AVATAR SERVICE]: Starting avatar service
2013-10-25 03:09:53,810 INFO  - OpenSim.Server.OpenSimServer [SERVER]: AvatarServiceConnector loaded successfully
2013-10-25 03:09:53,810 INFO  - OpenSim.Server.OpenSimServer [SERVER]: Loading LLLoginServiceInConnector on port 8002
2013-10-25 03:09:53,820 DEBUG - OpenSim.Data.Migration [MIGRATIONS]: UserAccount data tables already up to date at revision 4
2013-10-25 03:09:53,822 DEBUG - OpenSim.Data.Migration [MIGRATIONS]: GridStore data tables already up to date at revision 9
2013-10-25 03:09:53,823 DEBUG - OpenSim.Services.GridService.GridService [GRID SERVICE]: Starting...
2013-10-25 03:09:53,825 DEBUG - OpenSim.Data.Migration [MIGRATIONS]: AuthStore data tables already up to date at revision 3
2013-10-25 03:09:53,826 DEBUG - OpenSim.Data.Migration [MIGRATIONS]: InventoryStore data tables already up to date at revision 6
2013-10-25 03:09:53,828 DEBUG - OpenSim.Data.Migration [MIGRATIONS]: Avatar data tables already up to date at revision 2
2013-10-25 03:09:53,828 DEBUG - OpenSim.Services.AvatarService.AvatarService [AVATAR SERVICE]: Starting avatar service
2013-10-25 03:09:53,831 DEBUG - OpenSim.Data.Migration [MIGRATIONS]: GridUserStore data tables already up to date at revision 2
2013-10-25 03:09:53,831 DEBUG - OpenSim.Services.UserAccountService.GridUserService [USER GRID SERVICE]: Starting user grid service
2013-10-25 03:09:53,838 DEBUG - OpenSim.Data.Migration [MIGRATIONS]: AuthStore data tables already up to date at revision 3
2013-10-25 03:09:53,844 DEBUG - OpenSim.Data.Migration [MIGRATIONS]: InventoryStore data tables already up to date at revision 6
2013-10-25 03:09:53,847 DEBUG - OpenSim.Data.Migration [MIGRATIONS]: GridStore data tables already up to date at revision 9
2013-10-25 03:09:53,848 DEBUG - OpenSim.Services.GridService.GridService [GRID SERVICE]: Starting...
2013-10-25 03:09:53,852 DEBUG - OpenSim.Data.Migration [MIGRATIONS]: Presence data tables already up to date at revision 2
2013-10-25 03:09:53,853 DEBUG - OpenSim.Services.PresenceService.PresenceService [PRESENCE SERVICE]: Starting presence service
2013-10-25 03:09:53,854 DEBUG - OpenSim.Data.Migration [MIGRATIONS]: Avatar data tables already up to date at revision 2
2013-10-25 03:09:53,855 DEBUG - OpenSim.Services.AvatarService.AvatarService [AVATAR SERVICE]: Starting avatar service
2013-10-25 03:09:53,858 DEBUG - OpenSim.Data.Migration [MIGRATIONS]: FriendsStore data tables already up to date at revision 3
2013-10-25 03:09:53,869 DEBUG - OpenSim.Services.LLLoginService.LLLoginService [LLOGIN SERVICE]: Using instantiated LibraryService
2013-10-25 03:09:53,875 DEBUG - OpenSim.Services.InventoryService.LibraryService [LIBRARY]: Starting library service...
2013-10-25 03:09:53,877 INFO  - OpenSim.Services.InventoryService.LibraryService [LIBRARY INVENTORY]: Loading library control file ./inventory/Libraries.xml
2013-10-25 03:09:53,916 DEBUG - OpenSim.Services.LLLoginService.LLLoginService [LLOGIN SERVICE]: Starting...
2013-10-25 03:09:53,917 INFO  - OpenSim.Server.OpenSimServer [SERVER]: LLLoginServiceInConnector loaded successfully
2013-10-25 03:09:53,917 INFO  - OpenSim.Server.OpenSimServer [SERVER]: Loading PresenceServiceConnector on port 8003
2013-10-25 03:09:53,920 DEBUG - OpenSim.Data.Migration [MIGRATIONS]: Presence data tables already up to date at revision 2
2013-10-25 03:09:53,920 DEBUG - OpenSim.Services.PresenceService.PresenceService [PRESENCE SERVICE]: Starting presence service
2013-10-25 03:09:53,921 INFO  - OpenSim.Server.OpenSimServer [SERVER]: PresenceServiceConnector loaded successfully
2013-10-25 03:09:53,922 INFO  - OpenSim.Server.OpenSimServer [SERVER]: Loading UserAccountServiceConnector on port 8003
2013-10-25 03:09:53,924 DEBUG - OpenSim.Data.Migration [MIGRATIONS]: UserAccount data tables already up to date at revision 4
2013-10-25 03:09:53,926 DEBUG - OpenSim.Data.Migration [MIGRATIONS]: GridStore data tables already up to date at revision 9
2013-10-25 03:09:53,935 DEBUG - OpenSim.Services.GridService.GridService [GRID SERVICE]: Starting...
2013-10-25 03:09:53,937 DEBUG - OpenSim.Data.Migration [MIGRATIONS]: AuthStore data tables already up to date at revision 3
2013-10-25 03:09:53,939 DEBUG - OpenSim.Data.Migration [MIGRATIONS]: InventoryStore data tables already up to date at revision 6
2013-10-25 03:09:53,940 DEBUG - OpenSim.Data.Migration [MIGRATIONS]: Avatar data tables already up to date at revision 2
2013-10-25 03:09:53,941 DEBUG - OpenSim.Services.AvatarService.AvatarService [AVATAR SERVICE]: Starting avatar service
2013-10-25 03:09:53,943 INFO  - OpenSim.Server.OpenSimServer [SERVER]: UserAccountServiceConnector loaded successfully
2013-10-25 03:09:53,943 INFO  - OpenSim.Server.OpenSimServer [SERVER]: Loading GridUserServiceConnector on port 8003
2013-10-25 03:09:53,948 DEBUG - OpenSim.Data.Migration [MIGRATIONS]: GridUserStore data tables already up to date at revision 2
2013-10-25 03:09:53,948 DEBUG - OpenSim.Services.UserAccountService.GridUserService [USER GRID SERVICE]: Starting user grid service
2013-10-25 03:09:53,949 INFO  - OpenSim.Server.OpenSimServer [SERVER]: GridUserServiceConnector loaded successfully
2013-10-25 03:09:53,949 INFO  - OpenSim.Server.OpenSimServer [SERVER]: Loading FriendsServiceConnector on port 8003
2013-10-25 03:09:53,952 DEBUG - OpenSim.Data.Migration [MIGRATIONS]: FriendsStore data tables already up to date at revision 3
2013-10-25 03:09:53,952 INFO  - OpenSim.Server.OpenSimServer [SERVER]: FriendsServiceConnector loaded successfully
2013-10-25 03:09:53,953 INFO  - OpenSim.Server.OpenSimServer [SERVER]: Loading MapAddServiceConnector on port 8003
2013-10-25 03:09:53,956 DEBUG - OpenSim.Services.MapImageService.MapImageService [MAP IMAGE SERVICE]: Starting MapImage service
2013-10-25 03:09:53,965 INFO  - OpenSim.Server.Handlers.MapImage.MapAddServiceConnector [MAP IMAGE HANDLER]: GridService check is OFF
2013-10-25 03:09:53,966 INFO  - OpenSim.Server.OpenSimServer [SERVER]: MapAddServiceConnector loaded successfully
2013-10-25 03:09:53,966 INFO  - OpenSim.Server.OpenSimServer [SERVER]: Loading MapGetServiceConnector on port 8002
2013-10-25 03:09:53,968 INFO  - OpenSim.Server.OpenSimServer [SERVER]: MapGetServiceConnector loaded successfully
2013-10-25 03:13:27,392 INFO  - OpenSim.Server.Base.ServicesServerBase [CONSOLE] Quitting
2013-10-25 03:13:29,717 INFO  - OpenSim.Framework.Servers.ServerBase [SERVER BASE]: Logging started to file /root/ke/opensim/opensim75/bin/Robust.log
2013-10-25 03:13:29,759 INFO  - OpenSim.Framework.Servers.HttpServer.BaseHttpServer [BASE HTTP SERVER]: Starting HTTP server on port 8003
2013-10-25 03:13:29,793 DEBUG - OpenSim.Framework.Monitoring.Watchdog [WATCHDOG]: Started tracking thread PollServiceWorkerThread0, ID 5
2013-10-25 03:13:29,796 DEBUG - OpenSim.Framework.Monitoring.Watchdog [WATCHDOG]: Started tracking thread PollServiceWorkerThread1, ID 6
2013-10-25 03:13:29,799 DEBUG - OpenSim.Framework.Monitoring.Watchdog [WATCHDOG]: Started tracking thread PollServiceWorkerThread2, ID 7
2013-10-25 03:13:29,800 DEBUG - OpenSim.Framework.Monitoring.Watchdog [WATCHDOG]: Started tracking thread PollServiceWatcherThread, ID 8
2013-10-25 03:13:29,803 INFO  - OpenSim.Server.OpenSimServer [SERVER]: Loading AssetServiceConnector on port 8003
2013-10-25 03:13:30,010 DEBUG - OpenSim.Data.Migration [MIGRATIONS]: AssetStore data tables already up to date at revision 8
2013-10-25 03:13:30,016 DEBUG - OpenSim.Services.AssetService.AssetService [ASSET SERVICE]: Loading default asset set from ./assets/AssetSets.xml
2013-10-25 03:13:31,026 DEBUG - OpenSim.Services.AssetService.AssetService [ASSET SERVICE]: Local asset service enabled
2013-10-25 03:13:31,028 INFO  - OpenSim.Server.OpenSimServer [SERVER]: AssetServiceConnector loaded successfully
2013-10-25 03:13:31,029 INFO  - OpenSim.Server.OpenSimServer [SERVER]: Loading XInventoryInConnector on port 8003
2013-10-25 03:13:31,032 DEBUG - OpenSim.Server.Handlers.Asset.XInventoryInConnector [XInventoryInConnector]: Starting with config name InventoryService
2013-10-25 03:13:31,037 DEBUG - OpenSim.Data.Migration [MIGRATIONS]: InventoryStore data tables already up to date at revision 6
2013-10-25 03:13:31,042 INFO  - OpenSim.Server.OpenSimServer [SERVER]: XInventoryInConnector loaded successfully
2013-10-25 03:13:31,043 INFO  - OpenSim.Framework.Servers.HttpServer.BaseHttpServer [BASE HTTP SERVER]: Starting HTTP server on port 8004
2013-10-25 03:13:31,044 DEBUG - OpenSim.Framework.Monitoring.Watchdog [WATCHDOG]: Started tracking thread PollServiceWorkerThread0, ID 10
2013-10-25 03:13:31,044 DEBUG - OpenSim.Framework.Monitoring.Watchdog [WATCHDOG]: Started tracking thread PollServiceWorkerThread1, ID 11
2013-10-25 03:13:31,045 DEBUG - OpenSim.Framework.Monitoring.Watchdog [WATCHDOG]: Started tracking thread PollServiceWorkerThread2, ID 12
2013-10-25 03:13:31,046 DEBUG - OpenSim.Framework.Monitoring.Watchdog [WATCHDOG]: Started tracking thread PollServiceWatcherThread, ID 13
2013-10-25 03:13:31,046 INFO  - OpenSim.Server.OpenSimServer [SERVER]: Loading FreeswitchServerConnector on port 8004
2013-10-25 03:13:31,051 INFO  - OpenSim.Server.OpenSimServer [SERVER]: FreeswitchServerConnector loaded successfully
2013-10-25 03:13:31,051 INFO  - OpenSim.Server.OpenSimServer [SERVER]: Loading GridServiceConnector on port 8003
2013-10-25 03:13:31,065 DEBUG - OpenSim.Data.Migration [MIGRATIONS]: GridStore data tables already up to date at revision 9
2013-10-25 03:13:31,065 DEBUG - OpenSim.Services.GridService.GridService [GRID SERVICE]: Starting...
2013-10-25 03:13:31,073 INFO  - OpenSim.Server.OpenSimServer [SERVER]: GridServiceConnector loaded successfully
2013-10-25 03:13:31,074 INFO  - OpenSim.Framework.Servers.HttpServer.BaseHttpServer [BASE HTTP SERVER]: Starting HTTP server on port 8002
2013-10-25 03:13:31,075 DEBUG - OpenSim.Framework.Monitoring.Watchdog [WATCHDOG]: Started tracking thread PollServiceWorkerThread0, ID 14
2013-10-25 03:13:31,076 DEBUG - OpenSim.Framework.Monitoring.Watchdog [WATCHDOG]: Started tracking thread PollServiceWorkerThread1, ID 15
2013-10-25 03:13:31,077 DEBUG - OpenSim.Framework.Monitoring.Watchdog [WATCHDOG]: Started tracking thread PollServiceWorkerThread2, ID 16
2013-10-25 03:13:31,078 DEBUG - OpenSim.Framework.Monitoring.Watchdog [WATCHDOG]: Started tracking thread PollServiceWatcherThread, ID 17
2013-10-25 03:13:31,079 INFO  - OpenSim.Server.OpenSimServer [SERVER]: Loading GridInfoServerInConnector on port 8002
2013-10-25 03:13:31,081 DEBUG - OpenSim.Server.Handlers.Grid.GridInfoHandlers [GRID INFO SERVICE]: Grid info service initialized with 4 keys
2013-10-25 03:13:31,082 INFO  - OpenSim.Server.OpenSimServer [SERVER]: GridInfoServerInConnector loaded successfully
2013-10-25 03:13:31,083 INFO  - OpenSim.Server.OpenSimServer [SERVER]: Loading AuthenticationServiceConnector on port 8003
2013-10-25 03:13:31,087 DEBUG - OpenSim.Data.Migration [MIGRATIONS]: AuthStore data tables already up to date at revision 3
2013-10-25 03:13:31,094 INFO  - OpenSim.Server.OpenSimServer [SERVER]: AuthenticationServiceConnector loaded successfully
2013-10-25 03:13:31,094 INFO  - OpenSim.Server.OpenSimServer [SERVER]: Loading OpenIdServerConnector on port 8002
2013-10-25 03:13:31,100 DEBUG - OpenSim.Data.Migration [MIGRATIONS]: AuthStore data tables already up to date at revision 3
2013-10-25 03:13:31,104 DEBUG - OpenSim.Data.Migration [MIGRATIONS]: UserAccount data tables already up to date at revision 4
2013-10-25 03:13:31,106 DEBUG - OpenSim.Data.Migration [MIGRATIONS]: GridStore data tables already up to date at revision 9
2013-10-25 03:13:31,107 DEBUG - OpenSim.Services.GridService.GridService [GRID SERVICE]: Starting...
2013-10-25 03:13:31,108 DEBUG - OpenSim.Data.Migration [MIGRATIONS]: AuthStore data tables already up to date at revision 3
2013-10-25 03:13:31,111 DEBUG - OpenSim.Data.Migration [MIGRATIONS]: InventoryStore data tables already up to date at revision 6
2013-10-25 03:13:31,114 DEBUG - OpenSim.Data.Migration [MIGRATIONS]: Avatar data tables already up to date at revision 2
2013-10-25 03:13:31,114 DEBUG - OpenSim.Services.AvatarService.AvatarService [AVATAR SERVICE]: Starting avatar service
2013-10-25 03:13:31,117 INFO  - OpenSim.Server.Handlers.Authentication.OpenIdServerConnector [OPENID]: OpenId service enabled
2013-10-25 03:13:31,123 INFO  - OpenSim.Server.OpenSimServer [SERVER]: OpenIdServerConnector loaded successfully
2013-10-25 03:13:31,129 INFO  - OpenSim.Server.OpenSimServer [SERVER]: Loading AvatarServiceConnector on port 8003
2013-10-25 03:13:31,131 DEBUG - OpenSim.Data.Migration [MIGRATIONS]: Avatar data tables already up to date at revision 2
2013-10-25 03:13:31,132 DEBUG - OpenSim.Services.AvatarService.AvatarService [AVATAR SERVICE]: Starting avatar service
2013-10-25 03:13:31,133 INFO  - OpenSim.Server.OpenSimServer [SERVER]: AvatarServiceConnector loaded successfully
2013-10-25 03:13:31,133 INFO  - OpenSim.Server.OpenSimServer [SERVER]: Loading LLLoginServiceInConnector on port 8002
2013-10-25 03:13:31,142 DEBUG - OpenSim.Data.Migration [MIGRATIONS]: UserAccount data tables already up to date at revision 4
2013-10-25 03:13:31,144 DEBUG - OpenSim.Data.Migration [MIGRATIONS]: GridStore data tables already up to date at revision 9
2013-10-25 03:13:31,145 DEBUG - OpenSim.Services.GridService.GridService [GRID SERVICE]: Starting...
2013-10-25 03:13:31,147 DEBUG - OpenSim.Data.Migration [MIGRATIONS]: AuthStore data tables already up to date at revision 3
2013-10-25 03:13:31,155 DEBUG - OpenSim.Data.Migration [MIGRATIONS]: InventoryStore data tables already up to date at revision 6
2013-10-25 03:13:31,160 DEBUG - OpenSim.Data.Migration [MIGRATIONS]: Avatar data tables already up to date at revision 2
2013-10-25 03:13:31,161 DEBUG - OpenSim.Services.AvatarService.AvatarService [AVATAR SERVICE]: Starting avatar service
2013-10-25 03:13:31,163 DEBUG - OpenSim.Data.Migration [MIGRATIONS]: GridUserStore data tables already up to date at revision 2
2013-10-25 03:13:31,164 DEBUG - OpenSim.Services.UserAccountService.GridUserService [USER GRID SERVICE]: Starting user grid service
2013-10-25 03:13:31,166 DEBUG - OpenSim.Data.Migration [MIGRATIONS]: AuthStore data tables already up to date at revision 3
2013-10-25 03:13:31,168 DEBUG - OpenSim.Data.Migration [MIGRATIONS]: InventoryStore data tables already up to date at revision 6
2013-10-25 03:13:31,171 DEBUG - OpenSim.Data.Migration [MIGRATIONS]: GridStore data tables already up to date at revision 9
2013-10-25 03:13:31,172 DEBUG - OpenSim.Services.GridService.GridService [GRID SERVICE]: Starting...
2013-10-25 03:13:31,176 DEBUG - OpenSim.Data.Migration [MIGRATIONS]: Presence data tables already up to date at revision 2
2013-10-25 03:13:31,177 DEBUG - OpenSim.Services.PresenceService.PresenceService [PRESENCE SERVICE]: Starting presence service
2013-10-25 03:13:31,188 DEBUG - OpenSim.Data.Migration [MIGRATIONS]: Avatar data tables already up to date at revision 2
2013-10-25 03:13:31,189 DEBUG - OpenSim.Services.AvatarService.AvatarService [AVATAR SERVICE]: Starting avatar service
2013-10-25 03:13:31,192 DEBUG - OpenSim.Data.Migration [MIGRATIONS]: FriendsStore data tables already up to date at revision 3
2013-10-25 03:13:31,196 DEBUG - OpenSim.Services.LLLoginService.LLLoginService [LLOGIN SERVICE]: Using instantiated LibraryService
2013-10-25 03:13:31,198 DEBUG - OpenSim.Services.InventoryService.LibraryService [LIBRARY]: Starting library service...
2013-10-25 03:13:31,201 INFO  - OpenSim.Services.InventoryService.LibraryService [LIBRARY INVENTORY]: Loading library control file ./inventory/Libraries.xml
2013-10-25 03:13:31,239 DEBUG - OpenSim.Services.LLLoginService.LLLoginService [LLOGIN SERVICE]: Starting...
2013-10-25 03:13:31,240 INFO  - OpenSim.Server.OpenSimServer [SERVER]: LLLoginServiceInConnector loaded successfully
2013-10-25 03:13:31,241 INFO  - OpenSim.Server.OpenSimServer [SERVER]: Loading PresenceServiceConnector on port 8003
2013-10-25 03:13:31,243 DEBUG - OpenSim.Data.Migration [MIGRATIONS]: Presence data tables already up to date at revision 2
2013-10-25 03:13:31,244 DEBUG - OpenSim.Services.PresenceService.PresenceService [PRESENCE SERVICE]: Starting presence service
2013-10-25 03:13:31,245 INFO  - OpenSim.Server.OpenSimServer [SERVER]: PresenceServiceConnector loaded successfully
2013-10-25 03:13:31,245 INFO  - OpenSim.Server.OpenSimServer [SERVER]: Loading UserAccountServiceConnector on port 8003
2013-10-25 03:13:31,247 DEBUG - OpenSim.Data.Migration [MIGRATIONS]: UserAccount data tables already up to date at revision 4
2013-10-25 03:13:31,249 DEBUG - OpenSim.Data.Migration [MIGRATIONS]: GridStore data tables already up to date at revision 9
2013-10-25 03:13:31,250 DEBUG - OpenSim.Services.GridService.GridService [GRID SERVICE]: Starting...
2013-10-25 03:13:31,251 DEBUG - OpenSim.Data.Migration [MIGRATIONS]: AuthStore data tables already up to date at revision 3
2013-10-25 03:13:31,253 DEBUG - OpenSim.Data.Migration [MIGRATIONS]: InventoryStore data tables already up to date at revision 6
2013-10-25 03:13:31,254 DEBUG - OpenSim.Data.Migration [MIGRATIONS]: Avatar data tables already up to date at revision 2
2013-10-25 03:13:31,255 DEBUG - OpenSim.Services.AvatarService.AvatarService [AVATAR SERVICE]: Starting avatar service
2013-10-25 03:13:31,256 INFO  - OpenSim.Server.OpenSimServer [SERVER]: UserAccountServiceConnector loaded successfully
2013-10-25 03:13:31,256 INFO  - OpenSim.Server.OpenSimServer [SERVER]: Loading GridUserServiceConnector on port 8003
2013-10-25 03:13:31,259 DEBUG - OpenSim.Data.Migration [MIGRATIONS]: GridUserStore data tables already up to date at revision 2
2013-10-25 03:13:31,259 DEBUG - OpenSim.Services.UserAccountService.GridUserService [USER GRID SERVICE]: Starting user grid service
2013-10-25 03:13:31,260 INFO  - OpenSim.Server.OpenSimServer [SERVER]: GridUserServiceConnector loaded successfully
2013-10-25 03:13:31,260 INFO  - OpenSim.Server.OpenSimServer [SERVER]: Loading FriendsServiceConnector on port 8003
2013-10-25 03:13:31,263 DEBUG - OpenSim.Data.Migration [MIGRATIONS]: FriendsStore data tables already up to date at revision 3
2013-10-25 03:13:31,264 INFO  - OpenSim.Server.OpenSimServer [SERVER]: FriendsServiceConnector loaded successfully
2013-10-25 03:13:31,265 INFO  - OpenSim.Server.OpenSimServer [SERVER]: Loading MapAddServiceConnector on port 8003
2013-10-25 03:13:31,269 DEBUG - OpenSim.Services.MapImageService.MapImageService [MAP IMAGE SERVICE]: Starting MapImage service
2013-10-25 03:13:31,275 INFO  - OpenSim.Server.Handlers.MapImage.MapAddServiceConnector [MAP IMAGE HANDLER]: GridService check is OFF
2013-10-25 03:13:31,277 INFO  - OpenSim.Server.OpenSimServer [SERVER]: MapAddServiceConnector loaded successfully
2013-10-25 03:13:31,277 INFO  - OpenSim.Server.OpenSimServer [SERVER]: Loading MapGetServiceConnector on port 8002
2013-10-25 03:13:31,279 INFO  - OpenSim.Server.OpenSimServer [SERVER]: MapGetServiceConnector loaded successfully
2013-10-25 03:16:13,278 INFO  - OpenSim.Services.AuthenticationService.AuthenticationServiceBase [AUTHENTICATION DB]: Set password for principalID b4ecb4ef-2ba3-4463-99c0-297dcb0086a3
2013-10-25 03:16:13,283 DEBUG - OpenSim.Services.GridService.GridService [GRID SERVICE]: GetDefaultRegions returning 0 regions
2013-10-25 03:16:13,284 WARN  - OpenSim.Services.UserAccountService.UserAccountService [USER ACCOUNT SERVICE]: Unable to set home for account Test User.
2013-10-25 03:16:13,365 DEBUG - OpenSim.Services.UserAccountService.UserAccountService [USER ACCOUNT SERVICE]: Created user inventory for Test User
2013-10-25 03:16:13,370 DEBUG - OpenSim.Services.UserAccountService.UserAccountService [USER ACCOUNT SERVICE]: Creating default appearance items for b4ecb4ef-2ba3-4463-99c0-297dcb0086a3
2013-10-25 03:16:13,423 DEBUG - OpenSim.Services.UserAccountService.UserAccountService [USER ACCOUNT SERVICE]: Creating default avatar entries for b4ecb4ef-2ba3-4463-99c0-297dcb0086a3
2013-10-25 03:16:13,476 INFO  - OpenSim.Services.UserAccountService.UserAccountService [USER ACCOUNT SERVICE]: Account Test User b4ecb4ef-2ba3-4463-99c0-297dcb0086a3 created successfully
