2013-10-26 00:52:47,375 INFO  - OpenSim.Application [OPENSIM MAIN]: configured log4net using "./grid/sim01/OpenSim.exe.config" as configuration file
2013-10-26 00:52:47,390 INFO  - OpenSim.Application [OPENSIM MAIN]: System Locale is en-US
2013-10-26 00:52:47,390 INFO  - OpenSim.Application [OPENSIM MAIN]: Environment variable MONO_THREADS_PER_CPU is 125
2013-10-26 00:52:47,390 INFO  - OpenSim.Application [OPENSIM MAIN]: Runtime gave us 100 worker threads and 4 IOCP threads
2013-10-26 00:52:47,390 INFO  - OpenSim.Application [OPENSIM MAIN]: Bumping up to 500 worker threads and 1000 IOCP threads
2013-10-26 00:52:47,402 INFO  - OpenSim.Application Environment is compatible.

2013-10-26 00:52:47,413 INFO  - OpenSim.ConfigurationLoader Searching folder ././grid/sim01/ for config ini files
2013-10-26 00:52:47,419 INFO  - OpenSim.ConfigurationLoader [CONFIG]: Reading configuration settings
2013-10-26 00:52:47,421 INFO  - OpenSim.ConfigurationLoader [CONFIG]: Reading configuration file /root/ke/opensim/opensim75/bin/OpenSimDefaults.ini
2013-10-26 00:52:47,434 INFO  - OpenSim.ConfigurationLoader [CONFIG]: Reading configuration file /root/ke/opensim/opensim75/bin/OpenSim.ini
2013-10-26 00:52:47,439 INFO  - OpenSim.ConfigurationLoader [CONFIG]: Reading configuration file /root/ke/opensim/opensim75/bin/grid/sim01/OpenSim.ini
2013-10-26 00:52:47,440 INFO  - OpenSim.ConfigurationLoader [CONFIG]: Reading configuration file /root/ke/opensim/opensim75/bin/config-include/Grid.ini
2013-10-26 00:52:47,442 INFO  - OpenSim.ConfigurationLoader [CONFIG]: Reading configuration file /root/ke/opensim/opensim75/bin/config-include/GridCommon.ini
2013-10-26 00:52:47,448 INFO  - OpenSim.ConfigurationLoader [CONFIG]: Reading configuration file /root/ke/opensim/opensim75/bin/config-include/FlotsamCache.ini
2013-10-26 00:52:47,461 INFO  - OpenSim.OpenSim [OPENSIM MAIN]: Using async_call_method SmartThreadPool
2013-10-26 00:52:47,461 INFO  - OpenSim.Framework.Servers.BaseOpenSimServer [STARTUP]: Beginning startup processing
2013-10-26 00:52:47,461 INFO  - OpenSim.Framework.Servers.BaseOpenSimServer [STARTUP]: OpenSimulator version: OpenSim 0.7.5 Release      a4a9075

2013-10-26 00:52:47,462 INFO  - OpenSim.Framework.Servers.BaseOpenSimServer [STARTUP]: Operating system version: Unix 3.2.0.20, .NET platform Unix, 64-bit

2013-10-26 00:52:47,466 INFO  - OpenSim.OpenSim ====================================================================
2013-10-26 00:52:47,466 INFO  - OpenSim.OpenSim ========================= STARTING OPENSIM =========================
2013-10-26 00:52:47,466 INFO  - OpenSim.OpenSim ====================================================================
2013-10-26 00:52:47,603 DEBUG - OpenSim.Data.Migration [MIGRATIONS]: RegionStore data tables already up to date at revision 45
2013-10-26 00:52:47,620 INFO  - OpenSim.Data.MySQL.MySQLEstateStore [REGION DB]: MySql - connecting: Data Source=localhost;Database=opensim;User ID=opensimuser;Password=***;Old Guids=true;
2013-10-26 00:52:47,623 DEBUG - OpenSim.Data.MySQL.MySQLEstateStore [REGION DB]: Connection wait timeout 28860 seconds
2013-10-26 00:52:47,626 DEBUG - OpenSim.Data.Migration [MIGRATIONS]: EstateStore data tables already up to date at revision 32
2013-10-26 00:52:47,628 INFO  - OpenSim.Region.ClientStack.ClientStackManager [CLIENTSTACK]: Attempting to load OpenSim.Region.ClientStack.LindenUDP.dll
2013-10-26 00:52:47,628 INFO  - OpenSim.Region.ClientStack.ClientStackManager [CLIENTSTACK]: Added IClientNetworkServer Interface
2013-10-26 00:52:47,630 INFO  - OpenSim.Region.ClientStack.RegionApplicationBase [REGION SERVER]: Starting HTTP server on port 9001
2013-10-26 00:52:47,632 INFO  - OpenSim.Framework.Servers.HttpServer.BaseHttpServer [BASE HTTP SERVER]: Starting HTTP server on port 9001
2013-10-26 00:52:47,644 ERROR - OpenSim.Framework.Servers.HttpServer.BaseHttpServer [BASE HTTP SERVER]: Error - Address already in use
2013-10-26 00:52:47,645 ERROR - OpenSim.Framework.Servers.HttpServer.BaseHttpServer [BASE HTTP SERVER]: Tip: Do you have permission to listen on port 9001, 0?
2013-10-26 00:52:47,647 ERROR - OpenSim.Application [APPLICATION]: 
APPLICATION EXCEPTION DETECTED: System.UnhandledExceptionEventArgs

Exception: System.Net.Sockets.SocketException: Address already in use
  at System.Net.Sockets.Socket.Bind (System.Net.EndPoint local_end) [0x00000] in <filename unknown>:0 
  at System.Net.Sockets.TcpListener.Start (Int32 backlog) [0x00000] in <filename unknown>:0 
  at HttpServer.HttpListenerBase.Start (Int32 backlog) [0x00000] in <filename unknown>:0 
  at OpenSim.Framework.Servers.HttpServer.BaseHttpServer.StartHTTP () [0x00000] in <filename unknown>:0 

Application is terminating: True

2013-10-26 00:53:49,468 INFO  - OpenSim.Application [OPENSIM MAIN]: configured log4net using "./grid/sim01/OpenSim.exe.config" as configuration file
2013-10-26 00:53:49,483 INFO  - OpenSim.Application [OPENSIM MAIN]: System Locale is en-US
2013-10-26 00:53:49,483 INFO  - OpenSim.Application [OPENSIM MAIN]: Environment variable MONO_THREADS_PER_CPU is 125
2013-10-26 00:53:49,483 INFO  - OpenSim.Application [OPENSIM MAIN]: Runtime gave us 100 worker threads and 4 IOCP threads
2013-10-26 00:53:49,483 INFO  - OpenSim.Application [OPENSIM MAIN]: Bumping up to 500 worker threads and 1000 IOCP threads
2013-10-26 00:53:49,494 INFO  - OpenSim.Application Environment is compatible.

2013-10-26 00:53:49,512 INFO  - OpenSim.ConfigurationLoader Searching folder ././grid/sim01/ for config ini files
2013-10-26 00:53:49,518 INFO  - OpenSim.ConfigurationLoader [CONFIG]: Reading configuration settings
2013-10-26 00:53:49,518 INFO  - OpenSim.ConfigurationLoader [CONFIG]: Reading configuration file /root/ke/opensim/opensim75/bin/OpenSimDefaults.ini
2013-10-26 00:53:49,530 INFO  - OpenSim.ConfigurationLoader [CONFIG]: Reading configuration file /root/ke/opensim/opensim75/bin/OpenSim.ini
2013-10-26 00:53:49,534 INFO  - OpenSim.ConfigurationLoader [CONFIG]: Reading configuration file /root/ke/opensim/opensim75/bin/grid/sim01/OpenSim.ini
2013-10-26 00:53:49,536 INFO  - OpenSim.ConfigurationLoader [CONFIG]: Reading configuration file /root/ke/opensim/opensim75/bin/config-include/Grid.ini
2013-10-26 00:53:49,546 INFO  - OpenSim.ConfigurationLoader [CONFIG]: Reading configuration file /root/ke/opensim/opensim75/bin/config-include/GridCommon.ini
2013-10-26 00:53:49,548 INFO  - OpenSim.ConfigurationLoader [CONFIG]: Reading configuration file /root/ke/opensim/opensim75/bin/config-include/FlotsamCache.ini
2013-10-26 00:53:49,559 INFO  - OpenSim.OpenSim [OPENSIM MAIN]: Using async_call_method SmartThreadPool
2013-10-26 00:53:49,559 INFO  - OpenSim.Framework.Servers.BaseOpenSimServer [STARTUP]: Beginning startup processing
2013-10-26 00:53:49,559 INFO  - OpenSim.Framework.Servers.BaseOpenSimServer [STARTUP]: OpenSimulator version: OpenSim 0.7.5 Release      a4a9075

2013-10-26 00:53:49,559 INFO  - OpenSim.Framework.Servers.BaseOpenSimServer [STARTUP]: Operating system version: Unix 3.2.0.20, .NET platform Unix, 64-bit

2013-10-26 00:53:49,562 INFO  - OpenSim.OpenSim ====================================================================
2013-10-26 00:53:49,564 INFO  - OpenSim.OpenSim ========================= STARTING OPENSIM =========================
2013-10-26 00:53:49,564 INFO  - OpenSim.OpenSim ====================================================================
2013-10-26 00:53:49,697 DEBUG - OpenSim.Data.Migration [MIGRATIONS]: RegionStore data tables already up to date at revision 45
2013-10-26 00:53:49,714 INFO  - OpenSim.Data.MySQL.MySQLEstateStore [REGION DB]: MySql - connecting: Data Source=localhost;Database=opensim;User ID=opensimuser;Password=***;Old Guids=true;
2013-10-26 00:53:49,716 DEBUG - OpenSim.Data.MySQL.MySQLEstateStore [REGION DB]: Connection wait timeout 28860 seconds
2013-10-26 00:53:49,717 DEBUG - OpenSim.Data.Migration [MIGRATIONS]: EstateStore data tables already up to date at revision 32
2013-10-26 00:53:49,719 INFO  - OpenSim.Region.ClientStack.ClientStackManager [CLIENTSTACK]: Attempting to load OpenSim.Region.ClientStack.LindenUDP.dll
2013-10-26 00:53:49,720 INFO  - OpenSim.Region.ClientStack.ClientStackManager [CLIENTSTACK]: Added IClientNetworkServer Interface
2013-10-26 00:53:49,722 INFO  - OpenSim.Region.ClientStack.RegionApplicationBase [REGION SERVER]: Starting HTTP server on port 9001
2013-10-26 00:53:49,723 INFO  - OpenSim.Framework.Servers.HttpServer.BaseHttpServer [BASE HTTP SERVER]: Starting HTTP server on port 9001
2013-10-26 00:53:49,739 DEBUG - OpenSim.Framework.Monitoring.Watchdog [WATCHDOG]: Started tracking thread PollServiceWorkerThread0, ID 8
2013-10-26 00:53:49,740 DEBUG - OpenSim.Framework.Monitoring.Watchdog [WATCHDOG]: Started tracking thread PollServiceWorkerThread1, ID 9
2013-10-26 00:53:49,741 DEBUG - OpenSim.Framework.Monitoring.Watchdog [WATCHDOG]: Started tracking thread PollServiceWorkerThread2, ID 10
2013-10-26 00:53:49,742 DEBUG - OpenSim.Framework.Monitoring.Watchdog [WATCHDOG]: Started tracking thread PollServiceWatcherThread, ID 11
2013-10-26 00:53:49,746 INFO  - OpenSim.Framework.PluginLoader`1 [PLUGINS]: Initializing addin manager
2013-10-26 00:53:50,298 INFO  - OpenSim.Framework.PluginLoader`1 [PLUGINS]: Plugin Loaded: OpenSim.Data
2013-10-26 00:53:50,299 INFO  - OpenSim.Framework.PluginLoader`1 [PLUGINS]: Plugin Loaded: OpenSim
2013-10-26 00:53:50,300 INFO  - OpenSim.Framework.PluginLoader`1 [PLUGINS]: Plugin Loaded: Robust
2013-10-26 00:53:50,314 INFO  - OpenSim.Framework.PluginLoader`1 [PLUGINS]: Loading extension point /OpenSim/Startup
2013-10-26 00:53:50,329 INFO  - OpenSim.Framework.PluginLoader`1 [PLUGINS]: Trying plugin /OpenSim/Startup/RestInventory
2013-10-26 00:53:50,330 INFO  - OpenSim.Framework.PluginLoader`1 [PLUGINS]: Plugin Loaded: OpenSim.ApplicationPlugins.Rest.Inventory
2013-10-26 00:53:50,333 INFO  - OpenSim.Framework.PluginLoader`1 [PLUGINS]: Trying plugin /OpenSim/Startup/LoadRegions
2013-10-26 00:53:50,333 INFO  - OpenSim.Framework.PluginLoader`1 [PLUGINS]: Plugin Loaded: OpenSim.ApplicationPlugins.LoadRegions
2013-10-26 00:53:50,334 INFO  - OpenSim.Framework.PluginLoader`1 [PLUGINS]: Trying plugin /OpenSim/Startup/RemoteController
2013-10-26 00:53:50,334 INFO  - OpenSim.Framework.PluginLoader`1 [PLUGINS]: Plugin Loaded: OpenSim.ApplicationPlugins.RemoteController
2013-10-26 00:53:50,335 INFO  - OpenSim.Framework.PluginLoader`1 [PLUGINS]: Trying plugin /OpenSim/Startup/RegionModulesController
2013-10-26 00:53:50,342 INFO  - OpenSim.Framework.PluginLoader`1 [PLUGINS]: Plugin Loaded: OpenSim.ApplicationPlugins.RegionModulesController
2013-10-26 00:53:50,343 INFO  - OpenSim.Framework.PluginLoader`1 [PLUGINS]: Trying plugin /OpenSim/Startup/RestRegions
2013-10-26 00:53:50,343 INFO  - OpenSim.Framework.PluginLoader`1 [PLUGINS]: Plugin Loaded: OpenSim.ApplicationPlugins.Rest.Regions
2013-10-26 00:53:50,346 WARN  - OpenSim.ApplicationPlugins.Rest.RestPlugin [REST-HANDLER] #0 Rest Plugins not configured
2013-10-26 00:53:50,355 INFO  - OpenSim.Framework.PluginLoader`1 [PLUGINS]: Plugin Loaded: LindenCaps
2013-10-26 00:53:50,357 INFO  - OpenSim.Framework.PluginLoader`1 [PLUGINS]: Plugin Loaded: OpenSim.RegionModules.RegionCombinerModule
2013-10-26 00:53:50,357 INFO  - OpenSim.Framework.PluginLoader`1 [PLUGINS]: Plugin Loaded: DataSnapshot
2013-10-26 00:53:50,358 INFO  - OpenSim.Framework.PluginLoader`1 [PLUGINS]: Plugin Loaded: OpenSim.Region.CoreModules
2013-10-26 00:53:50,362 INFO  - OpenSim.Framework.PluginLoader`1 [PLUGINS]: Plugin Loaded: OpenSim.Region.OptionalModules
2013-10-26 00:53:50,363 INFO  - OpenSim.Framework.PluginLoader`1 [PLUGINS]: Plugin Loaded: OpenSim.Region.ScriptEngine.XEngine
2013-10-26 00:53:50,365 INFO  - OpenSim.Framework.PluginLoader`1 [PLUGINS]: Plugin Loaded: SimianGrid
2013-10-26 00:53:50,365 INFO  - OpenSim.Framework.PluginLoader`1 [PLUGINS]: Plugin Loaded: WebStats
2013-10-26 00:53:50,387 INFO  - OpenSim.Region.CoreModules.Asset.FlotsamAssetCache [FLOTSAM ASSET CACHE]: FlotsamAssetCache enabled
2013-10-26 00:53:50,388 INFO  - OpenSim.Region.CoreModules.Asset.FlotsamAssetCache [FLOTSAM ASSET CACHE]: Cache Directory ./assetcache
2013-10-26 00:53:50,394 DEBUG - OpenSim.Region.CoreModules.Avatar.Friends.FriendsModule [FRIENDS MODULE]: FriendsModule enabled.
2013-10-26 00:53:50,396 INFO  - OpenSim.Region.CoreModules.Avatar.Groups.GroupsModule [GROUPS]: Groups disabled in configuration
2013-10-26 00:53:50,398 DEBUG - OpenSim.Region.CoreModules.Avatar.InstantMessage.HGMessageTransferModule [HG MESSAGE TRANSFER]: Disabled by configuration
2013-10-26 00:53:50,410 DEBUG - OpenSim.Region.CoreModules.Avatar.Lure.LureModule [LURE MODULE]: LureModule enabled
2013-10-26 00:53:50,411 DEBUG - OpenSim.Region.CoreModules.Avatar.Profile.BasicProfileModule [PROFILE MODULE]: Basic Profile Module enabled
2013-10-26 00:53:50,413 DEBUG - OpenSim.Region.CoreModules.Framework.Library.LibraryModule [LIBRARY MODULE]: Library service dll is OpenSim.Services.InventoryService.dll:LibraryService
2013-10-26 00:53:50,415 DEBUG - OpenSim.Services.InventoryService.LibraryService [LIBRARY]: Starting library service...
2013-10-26 00:53:50,416 INFO  - OpenSim.Services.InventoryService.LibraryService [LIBRARY INVENTORY]: Loading library control file ./inventory/Libraries.xml
2013-10-26 00:53:50,460 DEBUG - OpenSim.Region.CoreModules.Framework.UserManagement.UserManagementModule [USER MANAGEMENT MODULE]: BasicUserManagementModule is enabled
2013-10-26 00:53:50,466 DEBUG - OpenSim.Region.CoreModules.Scripting.VectorRender.VectorRenderModule [VECTORRENDERMODULE]: using font "Arial" for text rendering.
2013-10-26 00:53:50,488 INFO  - OpenSim.Region.CoreModules.ServiceConnectorsIn.Land.LandServiceInConnectorModule [LAND IN CONNECTOR]: LandServiceInConnector enabled
2013-10-26 00:53:50,490 INFO  - OpenSim.Region.CoreModules.ServiceConnectorsIn.Neighbour.NeighbourServiceInConnectorModule [NEIGHBOUR IN CONNECTOR]: NeighbourServiceInConnector enabled
2013-10-26 00:53:50,497 INFO  - OpenSim.Region.CoreModules.ServiceConnectorsIn.Simulation.SimulationServiceInConnectorModule [SIM SERVICE]: SimulationService IN connector enabled
2013-10-26 00:53:50,499 INFO  - OpenSim.Region.CoreModules.ServiceConnectorsOut.Asset.RemoteAssetServicesConnector [ASSET CONNECTOR]: Remote assets enabled
2013-10-26 00:53:50,500 INFO  - OpenSim.Region.CoreModules.ServiceConnectorsOut.Authentication.RemoteAuthenticationServicesConnector [AUTH CONNECTOR]: Remote Authentication enabled
2013-10-26 00:53:50,506 INFO  - OpenSim.Region.CoreModules.ServiceConnectorsOut.Avatar.RemoteAvatarServicesConnector [AVATAR CONNECTOR]: Remote avatars enabled
2013-10-26 00:53:50,513 DEBUG - OpenSim.Region.CoreModules.ServiceConnectorsOut.Grid.LocalGridServicesConnector [LOCAL GRID SERVICE CONNECTOR]: LocalGridServicesConnector instantiated directly.
2013-10-26 00:53:50,516 DEBUG - OpenSim.Services.GridService.GridService [GRID SERVICE]: Starting...
2013-10-26 00:53:50,525 INFO  - OpenSim.Region.CoreModules.ServiceConnectorsOut.Grid.RemoteGridServicesConnector [REMOTE GRID CONNECTOR]: Remote grid enabled
2013-10-26 00:53:50,530 DEBUG - OpenSim.Region.CoreModules.ServiceConnectorsOut.GridUser.ActivityDetector [ACTIVITY DETECTOR]: starting 
2013-10-26 00:53:50,530 INFO  - OpenSim.Region.CoreModules.ServiceConnectorsOut.GridUser.RemoteGridUserServicesConnector [REMOTE GRID USER CONNECTOR]: Remote grid user enabled
2013-10-26 00:53:50,537 INFO  - OpenSim.Region.CoreModules.ServiceConnectorsOut.Inventory.RemoteXInventoryServicesConnector [XINVENTORY CONNECTOR]: Remote XInventory enabled
2013-10-26 00:53:50,538 INFO  - OpenSim.Region.CoreModules.ServiceConnectorsOut.Land.RemoteLandServicesConnector [LAND CONNECTOR]: Remote Land connector enabled
2013-10-26 00:53:50,540 INFO  - OpenSim.Region.CoreModules.ServiceConnectorsOut.MapImage.MapImageServiceModule [MAP IMAGE SERVICE MODULE]: enabled with refresh time 60min and service object OpenSim.Services.Connectors.dll:MapImageServicesConnector
2013-10-26 00:53:50,541 INFO  - OpenSim.Region.CoreModules.ServiceConnectorsOut.Neighbour.RemoteNeighbourServicesConnector [NEIGHBOUR CONNECTOR]: Remote Neighbour connector enabled
2013-10-26 00:53:50,543 INFO  - OpenSim.Region.CoreModules.ServiceConnectorsOut.Presence.RemotePresenceServicesConnector [REMOTE PRESENCE CONNECTOR]: Remote presence enabled
2013-10-26 00:53:50,544 INFO  - OpenSim.Region.CoreModules.ServiceConnectorsOut.Simulation.RemoteSimulationConnectorModule [SIMULATION CONNECTOR]: Remote simulation enabled
2013-10-26 00:53:50,547 INFO  - OpenSim.Region.CoreModules.ServiceConnectorsOut.UserAccounts.RemoteUserAccountServicesConnector [USER CONNECTOR]: Remote users enabled
2013-10-26 00:53:50,549 INFO  - OpenSim.Region.CoreModules.World.Serialiser.SerialiserModule [Serialiser] Enabled, using save dir "exports"
2013-10-26 00:53:50,587 DEBUG - OpenSim.Services.Connectors.SimianGrid.SimianActivityDetector [SIMIAN ACTIVITY DETECTOR]: Started
2013-10-26 00:53:50,589 WARN  - OpenSim.ApplicationPlugins.Rest.RestPlugin [REST-REGION] #0 Rest Plugins not configured
2013-10-26 00:53:50,592 INFO  - OpenSim.ApplicationPlugins.LoadRegions.LoadRegionsPlugin [LOAD REGIONS PLUGIN]: Loading region configurations from filesystem
2013-10-26 00:53:50,593 INFO  - OpenSim.Framework.RegionLoader.Filesystem.RegionLoaderFileSystem [REGION LOADER FILE SYSTEM]: Loading config files from ./grid/sim01/Regions/
2013-10-26 00:53:50,593 INFO  - OpenSim.Framework.RegionLoader.Filesystem.RegionLoaderFileSystem [REGION LOADER FILE SYSTEM]: Loading config file ./grid/sim01/Regions/Regions.ini
2013-10-26 00:53:50,599 INFO  - OpenSim.Framework.RegionInfo [REGIONINFO]: Resolving SYSTEMIP to 192.168.1.200 for external hostname of region huyu00
2013-10-26 00:53:50,603 INFO  - OpenSim.Framework.RegionLoader.Filesystem.RegionLoaderFileSystem [REGION LOADER FILE SYSTEM]: Loaded config for region huyu00
2013-10-26 00:53:50,604 INFO  - OpenSim.ApplicationPlugins.LoadRegions.LoadRegionsPlugin [LOAD REGIONS PLUGIN]: Loading specific shared modules...
2013-10-26 00:53:50,604 INFO  - OpenSim.ApplicationPlugins.LoadRegions.LoadRegionsPlugin [LOAD REGIONS PLUGIN]: Done.
2013-10-26 00:53:50,605 DEBUG - OpenSim.ApplicationPlugins.LoadRegions.LoadRegionsPlugin [LOAD REGIONS PLUGIN]: Creating Region: huyu00 (ThreadID: 1)
2013-10-26 00:53:50,638 INFO  - OpenSim.Region.ClientStack.LindenUDP.LLUDPServer [LLUDPSERVER]: Average Environment.TickCount resolution: 1ms
2013-10-26 00:53:50,681 DEBUG - OpenSim.Region.Framework.Scenes.Scene [SCENE]: Using the BestAvatarResponsiveness prioritization scheme
2013-10-26 00:53:50,701 INFO  - OpenSim.Data.MySQL.MySQLSimulationData [REGION DB]: Loaded terrain revision r1
2013-10-26 00:53:50,703 INFO  - OpenSim.Region.Physics.Manager.PhysicsPluginManager [PHYSICS]: Added meshing engine: ZeroMesher
2013-10-26 00:53:50,706 INFO  - OpenSim.Region.Physics.Manager.PhysicsPluginManager [PHYSICS]: Added physics engine: basicphysics
2013-10-26 00:53:50,707 INFO  - OpenSim.Region.Physics.Manager.PhysicsPluginManager [PHYSICS]: Added physics engine: BulletSimN
2013-10-26 00:53:50,709 INFO  - OpenSim.Region.Physics.Manager.PhysicsPluginManager [PHYSICS]: Added physics engine: BulletSim
2013-10-26 00:53:50,710 INFO  - OpenSim.Region.Physics.Manager.PhysicsPluginManager [PHYSICS]: Added meshing engine: Meshmerizer
2013-10-26 00:53:50,711 INFO  - OpenSim.Region.Physics.Manager.PhysicsPluginManager [PHYSICS]: Added physics engine: OpenDynamicsEngine
2013-10-26 00:53:50,712 INFO  - OpenSim.Region.Physics.Manager.PhysicsPluginManager [PHYSICS]: Added physics engine: POS
2013-10-26 00:53:50,713 INFO  - OpenSim.Region.Physics.Manager.PhysicsPluginManager [PHYSICS]: creating meshing engine Meshmerizer
2013-10-26 00:53:50,714 INFO  - OpenSim.Region.Physics.Manager.PhysicsPluginManager [PHYSICS]: creating OpenDynamicsEngine
2013-10-26 00:53:50,742 DEBUG - OpenSim.Region.Physics.OdePlugin.OdeScene.huyu00 [ODE SCENE]: Setting terrain for huyu00 with offset <0, 0, 0>
2013-10-26 00:53:50,756 DEBUG - OpenSim.Region.Physics.OdePlugin.OdeScene.huyu00 [ODE SCENE]: Setting terrain for huyu00 took 14ms
2013-10-26 00:53:50,760 INFO  - OpenSim.OpenSimBase [MODULES]: Loading Region's modules (old style)
2013-10-26 00:53:50,760 INFO  - OpenSim.OpenSimBase [REGIONMODULES]: Loading Region's modules (new style)
2013-10-26 00:53:50,769 INFO  - OpenSim.Region.CoreModules.Avatar.Chat.ChatModule [CHAT]: Initialized for huyu00 w:10 s:20 S:100
2013-10-26 00:53:50,773 DEBUG - OpenSim.Region.CoreModules.Avatar.InstantMessage.MessageTransferModule [MESSAGE TRANSFER]: Message transfer module active
2013-10-26 00:53:50,796 INFO  - OpenSim.Region.CoreModules.ServiceConnectorsOut.GridUser.RemoteGridUserServicesConnector [REMOTE GRID USER CONNECTOR]: Enabled remote grid user for region huyu00
2013-10-26 00:53:50,885 INFO  - OpenSim.Region.CoreModules.ServiceConnectorsOut.Presence.BasePresenceServiceConnector [BASE PRESENCE SERVICE CONNECTOR]: Enabled for region huyu00
2013-10-26 00:53:50,903 DEBUG - OpenSim.Region.CoreModules.Framework.EntityTransfer.EntityTransferModule [ENTITY TRANSFER MODULE]: BasicEntityTransferModule enabled.
2013-10-26 00:53:50,905 INFO  - OpenSim.Region.CoreModules.Framework.InventoryAccess.BasicInventoryAccessModule [INVENTORY ACCESS MODULE]: BasicInventoryAccessModule enabled.
2013-10-26 00:53:50,910 INFO  - OpenSim.Region.CoreModules.ServiceConnectorsOut.Authorization.LocalAuthorizationServicesConnector [AUTHORIZATION CONNECTOR]: Initialise
2013-10-26 00:53:50,918 INFO  - OpenSim.Region.CoreModules.ServiceConnectorsOut.Authorization.LocalAuthorizationServicesConnector [AUTHORIZATION CONNECTOR]: Local authorization connector enabled
2013-10-26 00:53:50,924 INFO  - OpenSim.Region.CoreModules.World.LightShare.EnvironmentModule [EnvironmentModule]: Module is enabled.
2013-10-26 00:53:50,925 DEBUG - OpenSim.Region.CoreModules.World.LightShare.LightShareModule [WINDLIGHT]: windlight module disabled
2013-10-26 00:53:50,928 DEBUG - OpenSim.Region.CoreModules.World.Permissions.PermissionsModule [PERMISSIONS]: allowed_script_creators All
2013-10-26 00:53:50,928 DEBUG - OpenSim.Region.CoreModules.World.Permissions.PermissionsModule [PERMISSIONS]: allowed_script_editors All
2013-10-26 00:53:50,928 DEBUG - OpenSim.Region.CoreModules.World.Permissions.PermissionsModule [PERMISSIONS]: Enabling all region service permission checks
2013-10-26 00:53:50,930 DEBUG - OpenSim.Region.CoreModules.SunModule [SUN]: localtime offset is -252000000000
2013-10-26 00:53:50,930 DEBUG - OpenSim.Region.CoreModules.SunModule [SUN]: Mode is SL
2013-10-26 00:53:50,931 DEBUG - OpenSim.Region.CoreModules.SunModule [SUN]: Initialization completed. Day is 14400 seconds, and year is 60 days
2013-10-26 00:53:50,931 DEBUG - OpenSim.Region.CoreModules.SunModule [SUN]: Axis offset is 0.5
2013-10-26 00:53:50,931 DEBUG - OpenSim.Region.CoreModules.SunModule [SUN]: Percentage of time for daylight 0.5
2013-10-26 00:53:50,932 DEBUG - OpenSim.Region.CoreModules.SunModule [SUN]: Positional data updated every 100 frames
2013-10-26 00:53:50,935 INFO  - OpenSim.Region.CoreModules.WindModule [WIND] Enabled with an update rate of 150 frames.
2013-10-26 00:53:50,942 DEBUG - OpenSim.Region.OptionalModules.World.TreePopulator.TreePopulatorModule [TREES]: Initialised tree module
2013-10-26 00:53:50,966 DEBUG - OpenSim.Region.CoreModules.World.Estate.EstateManagementCommands [ESTATE MODULE]: Setting up estate commands for region huyu00
2013-10-26 00:53:51,113 INFO  - OpenSim.Region.CoreModules.World.Terrain.TerrainModule E ... ChannelDigger
2013-10-26 00:53:51,114 INFO  - OpenSim.Region.CoreModules.World.Terrain.TerrainModule L ... GenericSystemDrawing
2013-10-26 00:53:51,114 INFO  - OpenSim.Region.CoreModules.World.Terrain.TerrainModule L ... JPEG
2013-10-26 00:53:51,168 INFO  - OpenSim.Region.CoreModules.World.Terrain.TerrainModule L ... LLRAW
2013-10-26 00:53:51,168 INFO  - OpenSim.Region.CoreModules.World.Terrain.TerrainModule L ... RAW32
2013-10-26 00:53:51,179 INFO  - OpenSim.Region.CoreModules.WindModule [WIND] Found Plugin: ConfigurableWind
2013-10-26 00:53:51,181 INFO  - OpenSim.Region.CoreModules.WindModule [WIND] Found Plugin: SimpleRandomWind
2013-10-26 00:53:51,181 INFO  - OpenSim.Region.CoreModules.WindModule [WIND] SimpleRandomWind plugin found, initializing.
2013-10-26 00:53:51,183 INFO  - OpenSim.Region.CoreModules.World.WorldMap.WorldMapModule [WORLD MAP]: JPEG Map location: http://192.168.1.200:9001/index.php?method=regionImage809f84cbfb7c4e55a372ebca07f81348
2013-10-26 00:53:51,188 DEBUG - OpenSim.Framework.Monitoring.Watchdog [WATCHDOG]: Started tracking thread MapItemRequestThread (huyu00), ID 15
2013-10-26 00:53:51,191 DEBUG - OpenSim.Region.OptionalModules.Scripting.RegionReady.RegionReadyModule [RegionReady]: Enabled for region huyu00
2013-10-26 00:53:51,191 INFO  - OpenSim.Region.OptionalModules.Scripting.RegionReady.RegionReadyModule [RegionReady]: Region huyu00 - LOGINS DISABLED DURING INITIALIZATION.
2013-10-26 00:53:51,193 INFO  - OpenSim.Region.ScriptEngine.XEngine.XEngine [XEngine]: Initializing scripts in region huyu00
2013-10-26 00:53:51,209 INFO  - OpenSim.Region.CoreModules.ServiceConnectorsIn.Simulation.SimulationServiceInConnectorModule [SIM SERVICE]: Starting...
2013-10-26 00:53:51,212 INFO  - OpenSim.Region.CoreModules.ServiceConnectorsOut.Asset.RemoteAssetServicesConnector [ASSET CONNECTOR]: Enabled remote assets for region huyu00
2013-10-26 00:53:51,212 INFO  - OpenSim.Region.CoreModules.ServiceConnectorsOut.Asset.RemoteAssetServicesConnector [ASSET CONNECTOR]: Enabled asset caching for region huyu00
2013-10-26 00:53:51,213 INFO  - OpenSim.Region.CoreModules.ServiceConnectorsOut.Inventory.RemoteXInventoryServicesConnector [XINVENTORY CONNECTOR]: Enabled remote XInventory for region huyu00
2013-10-26 00:53:51,215 INFO  - OpenSim.Region.CoreModules.ServiceConnectorsOut.Neighbour.LocalNeighbourServicesConnector [NEIGHBOUR CONNECTOR]: Local neighbour connector enabled for region huyu00
2013-10-26 00:53:51,215 INFO  - OpenSim.Region.CoreModules.ServiceConnectorsOut.Neighbour.RemoteNeighbourServicesConnector [NEIGHBOUR CONNECTOR]: Enabled remote neighbours for region huyu00
2013-10-26 00:53:51,227 INFO  - OpenSim.Region.CoreModules.Scripting.ScriptModuleComms.ScriptModuleCommsModule [MODULE COMMANDS]: Script engine found, module active
2013-10-26 00:53:51,228 DEBUG - OpenSim.Region.CoreModules.ServiceConnectorsOut.Authorization.AuthorizationService [AuthorizationService]: Region huyu00 access restrictions: None
2013-10-26 00:53:51,229 INFO  - OpenSim.Region.CoreModules.ServiceConnectorsOut.Authorization.LocalAuthorizationServicesConnector [AUTHORIZATION CONNECTOR]: Enabled local authorization for region huyu00
2013-10-26 00:53:51,238 DEBUG - OpenSim.Region.CoreModules.Scripting.ScriptModuleComms.ScriptModuleCommsModule [MODULE COMMANDS] Register method llAttachToAvatarTemp from type TempAttachmentsModule
2013-10-26 00:53:51,248 DEBUG - OpenSim.Region.OptionalModules.Avatar.Attachments.TempAttachmentsModule [TEMP ATTACHS]: Registered script functions
2013-10-26 00:53:51,254 INFO  - OpenSim.Region.ScriptEngine.XEngine.EventManager [XEngine] Hooking up to server events
2013-10-26 00:53:51,258 DEBUG - OpenSim.Region.ScriptEngine.Shared.CodeTools.Compiler [Compiler]: Allowed languages: lsl
2013-10-26 00:53:51,262 INFO  - OpenSim.Region.Framework.Scenes.Scene [SCENE]: Loading objects from datastore
2013-10-26 00:53:51,286 DEBUG - OpenSim.Data.MySQL.MySQLSimulationData [REGION DB]: Loaded 0 objects using 0 prims
2013-10-26 00:53:51,287 DEBUG - OpenSim.Data.MySQL.MySQLSimulationData [REGION DB]: Loaded inventory from 0 objects
2013-10-26 00:53:51,288 INFO  - OpenSim.Region.Framework.Scenes.Scene [SCENE]: Loaded 0 objects from the datastore
2013-10-26 00:53:51,289 DEBUG - OpenSim.Region.CoreModules.Framework.UserManagement.UserManagementModule [USER MANAGEMENT MODULE]: Caching creators' data from huyu00 (0 objects)...
2013-10-26 00:53:51,293 INFO  - OpenSim.Region.Framework.Scenes.Scene [SCENE]: Loading land objects from storage
2013-10-26 00:53:51,358 DEBUG - OpenSim.Region.CoreModules.World.WorldMap.WorldMapModule [WORLD MAP]: Generating map image for huyu00
2013-10-26 00:53:51,363 DEBUG - OpenSim.Region.CoreModules.World.LegacyMap.TexturedMapTileRenderer [MAPTILE]: Generating Maptile Step 1: Terrain
2013-10-26 00:53:51,367 DEBUG - OpenSim.Region.CoreModules.World.LegacyMap.TexturedMapTileRenderer [TexturedMapTileRenderer]: Fetched texture b8d3965a-ad78-bf43-699b-bff8eca6c975, found: True
2013-10-26 00:53:51,382 DEBUG - OpenSim.Region.CoreModules.World.LegacyMap.TexturedMapTileRenderer [TexturedMapTileRenderer]: Fetched texture abb783e6-3e93-26c0-248a-247666855da3, found: True
2013-10-26 00:53:51,400 DEBUG - OpenSim.Region.CoreModules.World.LegacyMap.TexturedMapTileRenderer [TexturedMapTileRenderer]: Fetched texture 179cdabd-398a-9b6b-1391-4dc333ba321f, found: True
2013-10-26 00:53:51,406 DEBUG - OpenSim.Region.CoreModules.World.LegacyMap.TexturedMapTileRenderer [TexturedMapTileRenderer]: Fetched texture beb169c7-11ea-fff2-efe5-0f24dc881df2, found: True
2013-10-26 00:53:51,424 DEBUG - OpenSim.Region.CoreModules.World.LegacyMap.TexturedMapTileRenderer [MAPTILE]: Generating Maptile Step 1: Done in 61 ms
2013-10-26 00:53:51,433 DEBUG - OpenSim.Region.CoreModules.World.LegacyMap.MapImageModule [MAPTILE]: Generating Maptile Step 2: Object Volume Profile
2013-10-26 00:53:51,436 DEBUG - OpenSim.Region.CoreModules.World.LegacyMap.MapImageModule [MAPTILE]: Generating Maptile Step 2: Done in 3 ms
2013-10-26 00:53:51,465 DEBUG - OpenSim.Region.CoreModules.World.WorldMap.WorldMapModule [WORLD MAP]: Region huyu00 has no parcels for sale, not generating overlay
2013-10-26 00:53:51,467 DEBUG - OpenSim.Region.CoreModules.World.WorldMap.WorldMapModule [WORLD MAP]: Storing map tile 36ea93d3-96a9-4ca8-9a46-2f07a9a6ee1f for huyu00
2013-10-26 00:53:51,615 DEBUG - OpenSim.Services.GridService.GridService [GRID SERVICE]: Region huyu00 (809f84cb-fb7c-4e55-a372-ebca07f81348) registered successfully at 1000-1000
2013-10-26 00:53:51,685 INFO  - OpenSim.Region.Framework.Scenes.Scene [SCENE]: Initializing script instances in huyu00
2013-10-26 00:53:51,686 INFO  - OpenSim.Region.Framework.Scenes.Scene [SCENE]: Initialized 0 script instances in huyu00
2013-10-26 00:53:51,686 INFO  - OpenSim.Region.ClientStack.LindenUDP.LLUDPServer [LLUDPSERVER]: Starting inbound packet processing for the LLUDP server in asynchronous mode with UsePools = True
2013-10-26 00:53:51,687 DEBUG - OpenMetaverse.OpenSimUDPBase [UDPBASE]: Binding UDP listener using internal IP address config 0.0.0.0:9000
2013-10-26 00:53:51,687 DEBUG - OpenMetaverse.OpenSimUDPBase [UDPBASE]: SIO_UDP_CONNRESET flag not supported on this platform, ignoring
2013-10-26 00:53:51,688 DEBUG - OpenSim.Framework.Monitoring.Watchdog [WATCHDOG]: Started tracking thread Incoming Packets (huyu00), ID 16
2013-10-26 00:53:51,689 INFO  - OpenSim.Region.ClientStack.LindenUDP.LLUDPServer [LLUDPSERVER]: Starting outbound packet processing for the LLUDP server
2013-10-26 00:53:51,689 DEBUG - OpenSim.Framework.Monitoring.Watchdog [WATCHDOG]: Started tracking thread Outgoing Packets (huyu00), ID 17
2013-10-26 00:53:51,690 DEBUG - OpenSim.Framework.Monitoring.Watchdog [WATCHDOG]: Started tracking thread Heartbeat (huyu00), ID 18
2013-10-26 00:53:51,705 DEBUG - OpenSim.ApplicationPlugins.RemoteController.RemoteAdminPlugin [RADMIN]: Creating default avatar entries
2013-10-26 00:53:51,706 DEBUG - OpenSim.ApplicationPlugins.RemoteController.RemoteAdminPlugin [RADMIN]: No default avatar information available
2013-10-26 00:53:51,706 INFO  - OpenSim.ApplicationPlugins.RemoteController.RemoteAdminPlugin [RADMIN]: Default avatars not loaded
2013-10-26 00:53:51,734 INFO  - OpenSim.Framework.Servers.BaseOpenSimServer [STARTUP]: Non-script portion of startup took 0m 2s.  PLEASE WAIT FOR LOGINS TO BE ENABLED ON REGIONS ONCE SCRIPTS HAVE STARTED.
2013-10-26 00:53:51,787 DEBUG - OpenSim.Framework.Monitoring.Watchdog [WATCHDOG]: Started tracking thread Maintenance (huyu00), ID 21
2013-10-26 00:53:53,412 INFO  - OpenSim.Region.OptionalModules.Scripting.RegionReady.RegionReadyModule [RegionReady]: INITIALIZATION COMPLETE FOR huyu00 - LOGINS ENABLED
2013-10-26 00:53:53,419 DEBUG - OpenSim.Region.Framework.Scenes.SceneCommunicationService [SCENE COMMUNICATION SERVICE]: Informing 0 neighbours that region huyu00 is up
2013-10-26 00:53:53,422 DEBUG - OpenSim.Region.CoreModules.ServiceConnectorsOut.MapImage.MapImageServiceModule [MAP IMAGE SERVICE MODULE]: upload maptile for huyu00
2013-10-26 00:53:53,431 DEBUG - OpenSim.Region.CoreModules.World.LegacyMap.TexturedMapTileRenderer [MAPTILE]: Generating Maptile Step 1: Terrain
2013-10-26 00:53:53,433 DEBUG - OpenSim.Region.CoreModules.World.LegacyMap.TexturedMapTileRenderer [TexturedMapTileRenderer]: Fetched texture b8d3965a-ad78-bf43-699b-bff8eca6c975, found: True
2013-10-26 00:53:53,440 DEBUG - OpenSim.Region.CoreModules.World.LegacyMap.TexturedMapTileRenderer [TexturedMapTileRenderer]: Fetched texture abb783e6-3e93-26c0-248a-247666855da3, found: True
2013-10-26 00:53:53,447 DEBUG - OpenSim.Region.CoreModules.World.LegacyMap.TexturedMapTileRenderer [TexturedMapTileRenderer]: Fetched texture 179cdabd-398a-9b6b-1391-4dc333ba321f, found: True
2013-10-26 00:53:53,453 DEBUG - OpenSim.Region.CoreModules.World.LegacyMap.TexturedMapTileRenderer [TexturedMapTileRenderer]: Fetched texture beb169c7-11ea-fff2-efe5-0f24dc881df2, found: True
2013-10-26 00:53:53,470 DEBUG - OpenSim.Region.CoreModules.World.LegacyMap.TexturedMapTileRenderer [MAPTILE]: Generating Maptile Step 1: Done in 39 ms
2013-10-26 00:53:53,473 DEBUG - OpenSim.Region.CoreModules.World.LegacyMap.MapImageModule [MAPTILE]: Generating Maptile Step 2: Object Volume Profile
2013-10-26 00:53:53,475 DEBUG - OpenSim.Region.CoreModules.World.LegacyMap.MapImageModule [MAPTILE]: Generating Maptile Step 2: Done in 2 ms
2013-10-26 00:53:53,537 DEBUG - OpenSim.Services.Connectors.MapImageServicesConnector [MAP IMAGE CONNECTOR]: map tile uploaded in 54ms
2013-10-26 00:57:56,113 DEBUG - OpenSim.Region.Framework.Scenes.Scene [SCENE]: Region huyu00 told of incoming root agent Test User b4ecb4ef-2ba3-4463-99c0-297dcb0086a3 (circuit code 675127111, IP 192.168.1.184, viewer  0.6.3 (LL 1.23.5), teleportflags (ViaLogin), position <142.7131, 44.95767, 48.36528>)
2013-10-26 00:57:56,541 INFO  - OpenSim.Region.Framework.Scenes.Scene [SCENE]: Region huyu00 authenticated and authorized incoming root agent Test User b4ecb4ef-2ba3-4463-99c0-297dcb0086a3 (circuit code 675127111)
2013-10-26 00:57:56,830 DEBUG - OpenSim.Region.ClientStack.Linden.BunchOfCaps [CAPS]: Received SEED caps request in huyu00 for agent b4ecb4ef-2ba3-4463-99c0-297dcb0086a3
2013-10-26 00:57:56,835 DEBUG - OpenSim.Region.Framework.Scenes.Scene [SCENE]: Incoming client Test User in region huyu00 via regular login. Client IP verification not performed.
2013-10-26 00:57:57,061 DEBUG - OpenSim.Region.ClientStack.LindenUDP.LLUDPServer [LLUDPSERVER]: Handling UseCircuitCode request for circuit 675127111 to huyu00 from IP 192.168.1.184:49691
2013-10-26 00:57:57,109 DEBUG - OpenSim.Region.Framework.Scenes.Scene [SCENE]: Adding new child scene presence Test User b4ecb4ef-2ba3-4463-99c0-297dcb0086a3 to scene huyu00 at pos <142.7131, 44.95767, 48.36528>
2013-10-26 00:57:57,275 DEBUG - OpenSim.Region.Framework.Scenes.ScenePresence [SCENE PRESENCE]: Completing movement of Test User into region huyu00 in position <142.7131, 44.95767, 48.36528>
2013-10-26 00:57:57,288 DEBUG - OpenSim.Region.Framework.Scenes.ScenePresence [SCENE]: Upgrading child to root agent for Test User in huyu00
